2011-02-16 11:14:02,420 -- 没找到对应的电话号码  ---  详细：13735321046,神州行本地,【手机号码：】13735321046@~【用户的诉求：】用户来电反映自己已经取消校讯通业务，为什么还会接收到相关的短信，而且不是自己小孩子的信息，请后台帮忙核实处理，谢谢！@~【有效的联系电话及联系人：】13735321046  钱小姐,2011-02-15 22:05:55,2011-02-16 20:00:00,紧急  
 
 
 2011-02-16 11:14:02,425 -- 没找到对应的电话号码  ---  详细：13566237222,神州行本地,【受理号码：】13566237222@~【业务名称：】校讯通@~【订购时间：】无@~【学校名称：】10657061006243048111@~【用户的诉求：】该用户来电反映本手机没有开通校讯通但是一直收到相关信息要求屏蔽。@~【有效的联系电话及联系：】13566237222、先生,2011-02-15 22:03:00,2011-02-16 20:00:00,紧急  
 
 
 2011-02-16 11:14:02,430 -- 没找到对应的电话号码  ---  详细：13958918708,神州行本地,【受理号码：】13958918708@~【业务名称：】校讯通@~【订购时间：】温州建设小学 温州金鹰智能工程有限公司 五(1)班 叶F洁 @~【学校名称：】@~【用户的诉求：】客户表示自己校讯通业务13958918708一直是作为接受校讯通号码但是目前此号码接收不到短信，我方也未查询到下发记录，另外13905776565这个号码作为计费号码的，但是现在收到短信，客户要求核实处理！@~【有效的联系电话及联系：】13958918708,2011-02-15 21:13:40,2011-02-16 20:00:00,紧急  
 
 
 2011-02-16 11:14:02,434 -- 没找到对应的电话号码  ---  详细：13968756795,全球通,【受理号码：】13968756795@~【业务名称：】校讯通@~【订购时间：】2011-01-18 16:03:58@~【学校名称：】乐清乐成二中  初三(6)班 吴晨峰 @~【用户的诉求：】用户投诉自己没有填写过受理单，而且之前也已经取消过了又被开通，要求核实开通原因，请协助处理 @~【有效的联系电话及联系：】13968756795  吴近军,2011-02-15 19:18:26,2011-02-16 15:18:26,紧急  
 
 
 2011-02-16 11:14:02,441 -- 没找到对应的电话号码  ---  详细：13666666360,神州行本地,【受理号码：】13666666360@~【业务名称：】@~【订购时间：】@~【学校名称：】3996|淳安县临岐镇中心小学 杭州华海信息科技有限公司 四(1) 谢永潮 @~【用户的诉求：】用户表示校讯通业务已取消，但还收到：10657061005621020下发的短信，请为用户屏蔽处理，谢谢！@~【有效的联系电话及联系：】13666666360  先生,2011-02-15 18:30:58,2011-02-16 18:30:58,紧急  
 
 
 2011-02-16 11:14:02,445 -- 没找到对应的电话号码  ---  详细：13566425996,动感地带,【受理号码：】13566425996@~【业务名称：】校讯通@~【订购时间：】@~【学校名称：】2199|路桥区蓬街小学 浙江三维网络技术有限公司 小一(1)班 罗伟嘉     @~117697892480 13566425996 13566425996  校讯通一类套餐B2[免费] 2011-02-14 15:05 否 是 未同步  @~ 【用户的诉求：】用户反映校讯通已经取消，现在还是收到信息，我方查询2月14号有重新开通的记录未同步，烦请屏蔽以后不要再开通，谢谢！@~【有效的联系电话及联系：】13566425996 黄超群,2011-02-15 16:58:26,2011-02-16 16:58:26,紧急  
 
 
 2011-02-16 11:14:02,450 -- 没找到对应的电话号码  ---  详细：13587114612,神州行本地,【受理号码：】13587114612@~【业务名称：】校讯通一类套餐B2@~【订购时间：】20101123@~【学校名称：】客户无法提供@~【用户的诉求：】客户来电反映自己家里并没有小孩在上学，在去年却开通了一个校讯通，且还扣取费用，客户对此不满，要求有关工作人员核实此情况，并尽快回复！@~【有效的联系电话及联系：】13587114612/女士,2011-02-15 16:14:22,2011-02-16 16:14:22,紧急  
 
 
 2011-02-16 11:14:02,455 -- 没找到对应的电话号码  ---  详细：13867656532,神州行本地,【受理号码：】13867656532@~【业务名称：】校讯通@~【订购时间：】\@~【学校名称：】临海市白水洋镇店前小学@~【用户的诉求：】用户已取消校讯通但还是收到10657061011889999短信，用户要求屏蔽，请协助处理 谢谢@~【有效的联系电话及联系：】13867656532  朱银辉,2011-02-15 15:40:45,2011-02-16 15:40:45,紧急  
 
 
 2011-02-16 11:14:02,460 -- 没找到对应的电话号码  ---  详细：13634229029,神州行本地,【手机号码：】13634229029@~【用户的诉求：】用户来电反映自己并没有要求开通校讯通业务，但是用户现在发现帮其开通了， 用户表示很不满，要求解释，并退还这两个月的费用，用户态度强烈，故提交此工单，请相关部门帮忙核实处理，谢谢！@~【有效的联系电话及联系人：】13634229029/先生,2011-02-15 12:43:27,2011-02-16 12:00:00,紧急  
 
 
 2011-02-16 11:14:02,464 -- 没找到对应的电话号码  ---  详细：13588025709,神州行本地,【手机号码：】13588025709@~【用户的诉求：】客户反映校讯通业务是和13588180192这个号码一起开的，但是学校说只收其中一个号码的费用，现在却两个号码都在收费，请尽快核实@~【有效的联系电话及联系人：】13588025709,2011-02-15 12:39:42,2011-02-16 12:00:00,紧急  
 
 
 2011-02-16 11:14:02,470 -- 没找到对应的电话号码  ---  详细：13586122607,神州行本地,【受理号码：】13586122607@~【业务名称：】校讯通@~【订购时间：】无法提供@~【学校名称：】芦浦小学@~【用户的诉求：】用户来电反映从去年12月开始经常收到该学校的校讯通短信，但自己没有孩子在该学校，要求我公司取消，请协助处理。@~【有效的联系电话及联系：】13586122607  小姐,2011-02-15 12:33:08,2011-02-16 12:00:00,紧急  
 
 
 2011-02-16 11:14:02,476 -- 没找到对应的电话号码  ---  详细：13516771141,神州行本地,【受理号码：】13516771141@~【业务名称：】 校讯通@~【订购时间：】1月21号@~【学校名称：】富阳市常绿镇中心幼儿园  本园大班 章艺@~【用户的诉求：】用户投诉之前1月份就取消了校讯通，但月底又被开通了，而且自己也联系过学校整个幼儿园都没有在使用该业务的，请协助处理 谢谢@~【有效的联系电话及联系：】13516771141  徐丽芳,2011-02-15 12:21:29,2011-02-16 12:00:00,紧急  
 
 
 2011-02-16 11:14:02,481 -- 没找到对应的电话号码  ---  详细：13456498838,VIP客户,【受理号码：】13456498838@~【业务名称：】校讯通@~【订购时间：】无@~【学校名称：】台州市椒江区永安小学 浙江三维网络技术有限公司 初三(1)班 王川 ，台州市椒江区永安小学 浙江三维网络技术有限公司 初三(1)班 王欢 @~【用户的诉求：】用户来电表示不需要开通校讯通业务，现查询是免费体验期，请为用户取消，谢谢@~【有效的联系电话及联系：】13456498838王先生,2011-02-14 17:39:52,2011-02-14 19:39:52,超时  
 
 
 2011-02-16 11:14:02,489 -- 没找到对应的电话号码  ---  详细：13957690971,神州行本地,【受理号码：】13957690971@~【问题描述：】我并没有申请加入什么校讯通，不知道怎么的收到讯息，后来打10086查询后取消。但却要支付18元话费的损失，觉得非常不合理，要求给个说法。。。@~【话单记录：】2010.12  校讯通费  9元@~2011.01  校讯通费  9元@~【有效的联系电话：】13957690971@~【有效的联系人：】谢华君,2011-02-14 14:29:58,2011-02-15 14:29:58,超时  
 
 
 2011-02-16 11:14:02,493 -- 没找到对应的电话号码  ---  详细：13706579990,全球通,【受理号码：】13706579990@~【业务名称：】校讯通@~【订购时间：】@~【学校名称：】1958|天台苍山中学 玉环育才网络有限公司 高一(9)班 葛法宝     @~107698444210 13706579990 13706579990  校讯通一类套餐B2[收费] 2011-01-07 10:15 否 否 已退订 @~【用户的诉求：】用户反映校讯通已经取消，但是信息还是收到，要求尽快屏蔽@~【有效的联系电话及联系：】13706579990 陈华,2011-02-14 13:53:15,2011-02-14 20:00:00,超时  
 
 
 2011-02-16 11:14:02,497 -- 没找到对应的电话号码  ---  详细：13616559866,神州行本地,【手机号码：】13616559866@~【用户的诉求：】用户来电要求取消校讯通同步学（小学10元地市版），用户不愿自己操作，请处理，谢谢！@~【有效的联系电话及联系人：】本机 本人,2011-02-11 17:02:52,2011-02-12 17:02:52,超时  
 
 
 2011-02-16 11:14:02,502 -- 没找到对应的电话号码  ---  详细：13738503045,神州行本地,【手机号码：】13738503045@~【用户的诉求：】用户来电表示，要求取消程控里的校讯通副号码套餐1，前台无法办理。请帮忙解决，然后通知用户。@~【有效的联系电话及联系人：】13666875160 先生,2011-02-08 12:26:36,2011-02-09 12:00:00,超时  
 
 
 2011-02-16 11:14:02,508 -- 没找到对应的电话号码  ---  详细：13777622177,神州行本地,【受理号码：】13777622177@~【业务名称：】校讯通@~【订购时间：】2010-12-22 10:54:42@~【学校名称：】无法提供@~【用户的诉求：】用户来电反映这个号码无故办理校讯通，请帮忙核实，谢谢@~【有效的联系电话及联系：】13757666636 先生,2011-02-07 12:51:33,2011-02-08 12:00:00,超时  
 
 
 2011-02-16 11:14:02,513 -- 没找到对应的电话号码  ---  详细：15888790369,动感地带,【受理号码：】15888790369@~【业务名称：】校讯通@~【订购时间：】客户不知@~【学校名称：】敖江八中 潘耀耀@~【用户的诉求：】客户来电表示他是敖江八中的潘耀耀老师，现不知登录校讯通平台的密码及用户名，客户也不知学校负责此业务的负责人，请帮助查询处理，谢谢！@~【有效的联系电话及联系：】15888790369，潘小姐,2011-02-06 08:22:41,2011-02-07 08:22:41,超时  
 
 
 2011-02-16 11:14:02,518 -- 没找到对应的电话号码  ---  详细：13758722973,神州行本地,【手机号码：】13758722973@~【用户的诉求：】用户来电表示自己是学校的老师，登陆校讯通的平台但是提示用户名为登记，请帮忙核实处理，谢谢@~【有效的联系电话及联系人：】13758722973本人,2011-02-05 11:30:49,2011-02-06 11:30:49,超时  
 
 
 2011-02-16 11:14:02,524 -- 没找到对应的电话号码  ---  详细：13586038520,神州行本地,【受理号码：】13586038520@~【业务名称：】校讯通@~【订购时间：】无@~【学校名称：】峰江小学一二班班主任@~【用户的诉求：】用户来电表示自己是峰江小学一二班班主任，要求查询自己校讯通卡的积分，请处理@~【有效的联系电话及联系：】13586038520应女士,2011-02-05 11:09:09,2011-02-06 11:09:09,超时  
 
 
 2011-02-16 11:14:02,530 -- 没找到对应的电话号码  ---  详细：15967060067,神州行本地,【受理号码：】15967060067@~【业务名称：】校讯通@~【订购时间：】/@~【学校名称：】6288|临海市白水洋中学 玉环育才网络有限公司 初一(6)班 朱益民 @~【用户的诉求：】用户的校讯通已经取消掉了，但是现在还是会收到短信，要求屏蔽，谢谢！@~【有效的联系电话及联系：】15967060067，先生,2011-02-04 17:39:42,2011-02-05 17:39:42,超时  
 
 
 2011-02-16 11:14:02,535 -- 没找到对应的电话号码  ---  详细：13958937756,全球通,【受理号码：】13958937756@~【业务名称：】@~【订购时间：】@~【学校名称：】wzhuanhaixia7  瑞安市安阳实验小学 2年级6班@~【用户的诉求：】用户反映，他是学校老师，现在要登录校讯通平台账号提示密码错误，账号：wzhuanhaixia7  瑞安市安阳实验小学 2年级6班要求我们为他重置，请处理，谢谢！@~【有效的联系电话及联系：】13958937756  小姐,2011-02-03 16:04:22,2011-02-04 10:04:22,超时  
 
 
 2011-02-16 11:14:02,540 -- 没找到对应的电话号码  ---  详细：13857558039,神州行本地,【受理号码：】13857558039@~【业务名称：】校讯通@~【订购时间：】/@~【学校名称：】上虞市梁湖镇小@~【用户的诉求：】用户是学校的管理员，表示自己校讯通平台使用方面有问题，短信后面的签名要修改，请尽快处理回复，谢谢！@~【有效的联系电话及联系：】13857558039，先生,2011-02-02 22:16:17,2011-02-03 20:00:00,超时  
 
 
 2011-02-16 11:14:02,544 -- 没找到对应的电话号码  ---  详细：13957769268,全球通,【受理号码：】13957769268@~【业务名称：】校讯通@~【订购时间：】\@~【学校名称：】永昌第五小学  @~【用户的诉求：】用户王剑英是学校老师，校讯通平台用户名密码忘记了，请协助处理 谢谢@~【有效的联系电话及联系：】13957769268  王剑英,2011-02-02 22:00:55,2011-02-03 16:00:00,超时  
 
 
 2011-02-16 11:14:02,549 -- 没找到对应的电话号码  ---  详细：13511200295,动感地带,【手机号码：】13511200295@~【用户的诉求：】用户来电查询到2月份自己的校讯通还是扣费的，但是当初办理时说明寒暑假是免费，请核实处理，谢谢@~【有效的联系电话及联系人：】13511200295 先生,2011-02-02 14:09:28,2011-02-03 14:09:28,超时  
 
 
 2011-02-16 11:14:02,553 -- 没找到对应的电话号码  ---  详细：15968640116,动感地带,【受理号码：】15968640116@~【业务名称：】校讯通业务@~【订购时间：】无@~【学校名称：】天台平桥学校@~【用户的诉求：】用户来电没有订制校讯通但有收到校讯通的短信，要求屏蔽请处理@~【有效的联系电话及联系：】15968640116干小姐,2011-02-02 13:39:07,2011-02-03 12:00:00,超时  
 
 
 2011-02-16 11:14:02,558 -- 没找到对应的电话号码  ---  详细：13967636858,全球通,【受理号码：】13967636858@~【业务名称：校讯通@~【订购时间：】无@~【学校名称：】2226|芦蒲小学 玉环育才网络有限公司 小五(1)班 高慧敏    @~100799113434 13967636858 13967636858 @~【用户的诉求：】客户表示自己不认识此小孩经常收到10657061011889999短信下发请协助屏蔽@~【有效的联系电话及联系：】13967636858,2011-02-02 10:19:01,2011-02-02 18:19:01,超时  
 
 
 2011-02-16 11:14:02,563 -- 没找到对应的电话号码  ---  详细：15858642103,神州行本地,【受理号码：】15858642103@~【业务名称：】校讯通@~【订购时间：】用户无法提供@~【学校名称：】台州市平镇平桥中学@~【用户的诉求：】用户来电反映取消了校讯通还是有短信发给用户,连续很长时间了,用户要求屏蔽,请后台处理,谢谢@~【有效的联系电话及联系：】本机先生,2011-02-01 09:14:25,2011-02-02 09:14:25,超时  
 
 
 2011-02-16 11:14:02,567 -- 没找到对应的电话号码  ---  详细：15057024659,神州行本地,【受理号码：】15057024659@~【业务名称：校讯通@~【订购时间：】@~【学校名称：】卢浦小学@~【用户的诉求：】反映没有订制,但有收到校讯通短信,要求取消.@~【有效的联系电话及联系：】本机.小姐,2011-01-31 10:36:38,2011-02-01 10:36:38,超时  
 
 
 2011-02-16 11:14:02,572 -- 没找到对应的电话号码  ---  详细：15988914596,神州行本地,【受理号码：】15988914596@~【业务名称：】校讯通@~【订购时间：】@~【学校名称：】7622|教育-浙江省天台平桥中学 玉环育才网络有限公司 高三(1)班 张赞 @~【用户的诉求：】业务已取消，但是代码为：10657061011889999短信，仍然下发，请帮助屏蔽@~【有效的联系电话及联系：】15988914596,2011-01-29 17:16:50,2011-01-30 17:16:50,超时  
 
 
 2011-02-16 11:14:02,576 -- 没找到对应的电话号码  ---  详细：13566651923,神州行本地,【受理号码：】13566651923@~【业务名称：】校讯通@~【订购时间：】已取消@~【学校名称：】7622|教育-浙江省天台平桥中学 玉环育才网络有限公司 高二(13)班 庞佳妮     107698123774 13566651923 13566651923  校讯通一类套餐A[收费] 2011-01-02 12:32 否 否 已退订  @~【用户的诉求：】用户反映校讯通已取消仍收到信息，要求屏蔽，代码10657061011889999。@~【有效的联系电话及联系：】13566651923  庞邦瑞,2011-01-27 13:02:06,2011-01-28 12:00:00,超时  
 
 
 2011-02-16 11:14:02,580 -- 没找到对应的电话号码  ---  详细：13957067325,神州行本地,【受理号码：】13957067325@~【业务名称：】校讯通@~【订购时间：】/@~【学校名称：】遂昌县新世纪小学@~【用户的诉求：】用户表示自己是学校的老师，校讯通平台换过后登陆上去里面的班级信息不全，2年级到4年级都没有，要求核实处理，谢谢！@~【有效的联系电话及联系：】13957067325，小姐,2011-01-27 10:21:10,2011-01-28 10:21:10,超时  
 
 
 2011-02-16 11:14:02,585 -- 没找到对应的电话号码  ---  详细：13819225128,动感地带,【受理号码：】13819225128@~【订购时间：】2011-01-26 06:44:17@~【使用记录：】2011-01-26 06:44:17@~【用户的诉求：】该用户来电反映天气预报接收不到，接收其它短信正常，前台通过数据排障查看下发正常，补卡正常，但是用户就是收不到。前台解释无效，用户表示接收其他短信正常，态度强烈一定要求我方核实情况之后给予联系，请处理，谢谢@~【有效的联系电话及联系人：】13819225128,2011-01-27 09:21:26,2011-01-28 09:21:26,超时  
 
 
 2011-02-16 11:14:02,589 -- 没找到对应的电话号码  ---  详细：13738367980,动感地带,【受理号码：】13738367980@~【业务名称：】校讯通@~【订购时间：】无@~【学校名称：】沙城镇中学@~【用户的诉求：】用户反映现在登陆校讯通平台，发现学校的名字错了，现在平台中显示的是：沙城镇高级中学，用户所在学校应该是：沙城镇中学，这样造成用户的使用权限不对，无法正常使用，要求更改，请处理，谢谢。账号：wzlinlihua21。@~【有效的联系电话及联系：】13738367980林小姐,2011-01-25 21:03:37,2011-01-26 20:00:00,超时  
 
 
 2011-02-16 11:14:02,594 -- 没找到对应的电话号码  ---  详细：15158993239,全球通,【受理号码：】15158993239@~【业务名称：】校讯通@~【订购时间：】2011-01-07 12:09@~【学校名称：】4928|东阳市南马镇中心小学 磐安县东成移动业务服务部 小二(3)班 葛佳瑛 @~【用户的诉求：】用户表示自己在12月份并没有要求开通校讯通，现发现自2010年12月起开始收费，且该业务于2011年1月取消，现仍然帮助开通了为免费试用户记录。用户首先表示自己并没有开过，另一直以来没有收到短信，请您处理查询原因，谢谢 @~【有效的联系电话及联系：】15158993239葛先生,2011-01-24 20:00:27,2011-01-25 16:00:00,超时  
 
 
 2011-02-16 11:14:02,599 -- 没找到对应的电话号码  ---  详细：13665729786,神州行本地,【受理号码：】13665729786@~【业务名称：】校讯通一类套餐B2@~【订购时间：】2010.11.30@~【学校名称：】第五实验中学@~【用户的诉求：】用户来电反映校讯通短信收到内容空白，其他短信接收正常，态度强烈要求我方进行处理，请核实处理，谢谢！@~【有效的联系电话及联系：】本人本机,2011-01-24 17:47:25,2011-01-25 17:47:25,超时  
 
 
 2011-02-16 11:14:02,604 -- 没找到对应的电话号码  ---  详细：13968023041,神州行本地,【受理号码：】13968023041@~【业务名称：】校讯通@~【订购时间：】\@~【学校名称：】江南学前教育集团 小A班  @~【用户的诉求：】用户是学校老师，名字是：骆晓清 现在校讯通用户名和密码忘记了，请协助处理 谢谢 @~【有效的联系电话及联系：】13968023041  骆晓清,2011-01-24 14:22:28,2011-01-25 14:22:28,超时  
 
 
 2011-02-16 11:14:02,609 -- 没找到对应的电话号码  ---  详细：15857625422,神州行本地,【受理号码：】15857625422@~【业务名称：】校讯通一类套餐B2@~【订购时间：】2010-10-29 09:15:49@~【学校名称：】无@~【用户的诉求：】用户来电反映自己没有开通过校讯通，但无故开通了校讯通，用户要求取消，并给以退费，前台解释无效，请核实处理。@~【有效的联系电话及联系：】15267239529小姐,2011-01-23 22:48:53,2011-01-24 20:00:00,超时  
 
 
 2011-02-16 11:14:02,614 -- 没找到对应的电话号码  ---  详细：13665729524,神州行本地,【受理号码：】13665729524@~【业务名称：】校讯通@~【订购时间：】2010-11-30 21:49:19@~【学校名称：】湖州市第五中学@~【用户的诉求：】用户表示最近几天的校讯通接收都是空白的，没有内容，其他短信正常，整合平台查询下发记录正常：下发成功 10657061722272022 8613665729524 2011-01-23 11:03:54.0，已经建议用户换机测试，请厂家协助核实下发记录是否正常，谢谢！@~@~【有效的联系电话及联系：】13665729524,小姐,2011-01-23 11:50:47,2011-01-24 11:50:47,超时  
 
 
 2011-02-16 11:14:02,618 -- 没找到对应的电话号码  ---  详细：13566863590,神州行本地,【受理号码：】13566863590@~【业务名称：】校讯通@~【订购时间：】2010-11-26@~【学校名称：】白水洋小学@~【用户的诉求：】用户称没经过他同意无故开通校讯通，要求退换话费，挽回他的损失，强烈要求投诉，请帮忙核实，谢谢@~【有效的联系电话及联系：】13566863590  先生,2011-01-22 20:50:31,2011-01-23 20:00:00,超时  
 
 
 2011-02-16 11:14:02,623 -- 没找到对应的电话号码  ---  详细：13566415801,神州行本地,【受理号码：】13566415801@~【业务名称：】校讯通二类套餐B2@~【订购时间：】2010-11-01@~【学校名称：】中山小学@~【用户的诉求：】用户来电反映无故多开通了一个校讯通业务，用户表示自己办理了一个，用户态度强烈要求核实，请帮忙处理，谢谢。@~【有效的联系电话及联系：】本机 小姐,2011-01-18 08:40:44,2011-01-19 08:40:44,超时  
 
 
 2011-02-16 11:14:02,628 -- 没找到对应的电话号码  ---  详细：13588619508,神州行本地,【受理号码：】13588619508@~【业务名称：】校讯通@~【订购时间：】2010年12月@~【学校名称：】7542|永康市龙川学校初中部 永康艳铭通讯器材有限公司 初二(5)班 黄宇翔 @~【用户的诉求：】用户反映从办理后校讯通短信接收不到，如今天早上到校信息，请核实处理。@~【有效的联系电话及联系：】13588619508黄加彪,2011-01-08 10:24:25,2011-01-09 10:24:25,超时  
 
 
 2011-02-16 11:14:12,662 -- 没找到对应的电话号码  ---  详细：13735321046,神州行本地,【手机号码：】13735321046@~【用户的诉求：】用户来电反映自己已经取消校讯通业务，为什么还会接收到相关的短信，而且不是自己小孩子的信息，请后台帮忙核实处理，谢谢！@~【有效的联系电话及联系人：】13735321046  钱小姐,2011-02-15 22:05:55,2011-02-16 20:00:00,紧急  
 
 
 2011-02-16 11:14:12,666 -- 没找到对应的电话号码  ---  详细：13566237222,神州行本地,【受理号码：】13566237222@~【业务名称：】校讯通@~【订购时间：】无@~【学校名称：】10657061006243048111@~【用户的诉求：】该用户来电反映本手机没有开通校讯通但是一直收到相关信息要求屏蔽。@~【有效的联系电话及联系：】13566237222、先生,2011-02-15 22:03:00,2011-02-16 20:00:00,紧急  
 
 
 2011-02-16 11:14:12,671 -- 没找到对应的电话号码  ---  详细：13958918708,神州行本地,【受理号码：】13958918708@~【业务名称：】校讯通@~【订购时间：】温州建设小学 温州金鹰智能工程有限公司 五(1)班 叶F洁 @~【学校名称：】@~【用户的诉求：】客户表示自己校讯通业务13958918708一直是作为接受校讯通号码但是目前此号码接收不到短信，我方也未查询到下发记录，另外13905776565这个号码作为计费号码的，但是现在收到短信，客户要求核实处理！@~【有效的联系电话及联系：】13958918708,2011-02-15 21:13:40,2011-02-16 20:00:00,紧急  
 
 
 2011-02-16 11:14:12,676 -- 没找到对应的电话号码  ---  详细：13968756795,全球通,【受理号码：】13968756795@~【业务名称：】校讯通@~【订购时间：】2011-01-18 16:03:58@~【学校名称：】乐清乐成二中  初三(6)班 吴晨峰 @~【用户的诉求：】用户投诉自己没有填写过受理单，而且之前也已经取消过了又被开通，要求核实开通原因，请协助处理 @~【有效的联系电话及联系：】13968756795  吴近军,2011-02-15 19:18:26,2011-02-16 15:18:26,紧急  
 
 
 2011-02-16 11:14:12,680 -- 没找到对应的电话号码  ---  详细：13666666360,神州行本地,【受理号码：】13666666360@~【业务名称：】@~【订购时间：】@~【学校名称：】3996|淳安县临岐镇中心小学 杭州华海信息科技有限公司 四(1) 谢永潮 @~【用户的诉求：】用户表示校讯通业务已取消，但还收到：10657061005621020下发的短信，请为用户屏蔽处理，谢谢！@~【有效的联系电话及联系：】13666666360  先生,2011-02-15 18:30:58,2011-02-16 18:30:58,紧急  
 
 
 2011-02-16 11:14:12,685 -- 没找到对应的电话号码  ---  详细：13566425996,动感地带,【受理号码：】13566425996@~【业务名称：】校讯通@~【订购时间：】@~【学校名称：】2199|路桥区蓬街小学 浙江三维网络技术有限公司 小一(1)班 罗伟嘉     @~117697892480 13566425996 13566425996  校讯通一类套餐B2[免费] 2011-02-14 15:05 否 是 未同步  @~ 【用户的诉求：】用户反映校讯通已经取消，现在还是收到信息，我方查询2月14号有重新开通的记录未同步，烦请屏蔽以后不要再开通，谢谢！@~【有效的联系电话及联系：】13566425996 黄超群,2011-02-15 16:58:26,2011-02-16 16:58:26,紧急  
 
 
 2011-02-16 11:14:12,689 -- 没找到对应的电话号码  ---  详细：13587114612,神州行本地,【受理号码：】13587114612@~【业务名称：】校讯通一类套餐B2@~【订购时间：】20101123@~【学校名称：】客户无法提供@~【用户的诉求：】客户来电反映自己家里并没有小孩在上学，在去年却开通了一个校讯通，且还扣取费用，客户对此不满，要求有关工作人员核实此情况，并尽快回复！@~【有效的联系电话及联系：】13587114612/女士,2011-02-15 16:14:22,2011-02-16 16:14:22,紧急  
 
 
 2011-02-16 11:14:12,694 -- 没找到对应的电话号码  ---  详细：13867656532,神州行本地,【受理号码：】13867656532@~【业务名称：】校讯通@~【订购时间：】\@~【学校名称：】临海市白水洋镇店前小学@~【用户的诉求：】用户已取消校讯通但还是收到10657061011889999短信，用户要求屏蔽，请协助处理 谢谢@~【有效的联系电话及联系：】13867656532  朱银辉,2011-02-15 15:40:45,2011-02-16 15:40:45,紧急  
 
 
 2011-02-16 11:14:12,698 -- 没找到对应的电话号码  ---  详细：13634229029,神州行本地,【手机号码：】13634229029@~【用户的诉求：】用户来电反映自己并没有要求开通校讯通业务，但是用户现在发现帮其开通了， 用户表示很不满，要求解释，并退还这两个月的费用，用户态度强烈，故提交此工单，请相关部门帮忙核实处理，谢谢！@~【有效的联系电话及联系人：】13634229029/先生,2011-02-15 12:43:27,2011-02-16 12:00:00,紧急  
 
 
 2011-02-16 11:14:12,702 -- 没找到对应的电话号码  ---  详细：13588025709,神州行本地,【手机号码：】13588025709@~【用户的诉求：】客户反映校讯通业务是和13588180192这个号码一起开的，但是学校说只收其中一个号码的费用，现在却两个号码都在收费，请尽快核实@~【有效的联系电话及联系人：】13588025709,2011-02-15 12:39:42,2011-02-16 12:00:00,紧急  
 
 
 2011-02-16 11:14:12,707 -- 没找到对应的电话号码  ---  详细：13586122607,神州行本地,【受理号码：】13586122607@~【业务名称：】校讯通@~【订购时间：】无法提供@~【学校名称：】芦浦小学@~【用户的诉求：】用户来电反映从去年12月开始经常收到该学校的校讯通短信，但自己没有孩子在该学校，要求我公司取消，请协助处理。@~【有效的联系电话及联系：】13586122607  小姐,2011-02-15 12:33:08,2011-02-16 12:00:00,紧急  
 
 
 2011-02-16 11:14:12,711 -- 没找到对应的电话号码  ---  详细：13516771141,神州行本地,【受理号码：】13516771141@~【业务名称：】 校讯通@~【订购时间：】1月21号@~【学校名称：】富阳市常绿镇中心幼儿园  本园大班 章艺@~【用户的诉求：】用户投诉之前1月份就取消了校讯通，但月底又被开通了，而且自己也联系过学校整个幼儿园都没有在使用该业务的，请协助处理 谢谢@~【有效的联系电话及联系：】13516771141  徐丽芳,2011-02-15 12:21:29,2011-02-16 12:00:00,紧急  
 
 
 2011-02-16 11:14:12,715 -- 没找到对应的电话号码  ---  详细：13456498838,VIP客户,【受理号码：】13456498838@~【业务名称：】校讯通@~【订购时间：】无@~【学校名称：】台州市椒江区永安小学 浙江三维网络技术有限公司 初三(1)班 王川 ，台州市椒江区永安小学 浙江三维网络技术有限公司 初三(1)班 王欢 @~【用户的诉求：】用户来电表示不需要开通校讯通业务，现查询是免费体验期，请为用户取消，谢谢@~【有效的联系电话及联系：】13456498838王先生,2011-02-14 17:39:52,2011-02-14 19:39:52,超时  
 
 
 2011-02-16 11:14:12,719 -- 没找到对应的电话号码  ---  详细：13957690971,神州行本地,【受理号码：】13957690971@~【问题描述：】我并没有申请加入什么校讯通，不知道怎么的收到讯息，后来打10086查询后取消。但却要支付18元话费的损失，觉得非常不合理，要求给个说法。。。@~【话单记录：】2010.12  校讯通费  9元@~2011.01  校讯通费  9元@~【有效的联系电话：】13957690971@~【有效的联系人：】谢华君,2011-02-14 14:29:58,2011-02-15 14:29:58,超时  
 
 
 2011-02-16 11:14:12,724 -- 没找到对应的电话号码  ---  详细：13706579990,全球通,【受理号码：】13706579990@~【业务名称：】校讯通@~【订购时间：】@~【学校名称：】1958|天台苍山中学 玉环育才网络有限公司 高一(9)班 葛法宝     @~107698444210 13706579990 13706579990  校讯通一类套餐B2[收费] 2011-01-07 10:15 否 否 已退订 @~【用户的诉求：】用户反映校讯通已经取消，但是信息还是收到，要求尽快屏蔽@~【有效的联系电话及联系：】13706579990 陈华,2011-02-14 13:53:15,2011-02-14 20:00:00,超时  
 
 
 2011-02-16 11:14:12,728 -- 没找到对应的电话号码  ---  详细：13616559866,神州行本地,【手机号码：】13616559866@~【用户的诉求：】用户来电要求取消校讯通同步学（小学10元地市版），用户不愿自己操作，请处理，谢谢！@~【有效的联系电话及联系人：】本机 本人,2011-02-11 17:02:52,2011-02-12 17:02:52,超时  
 
 
 2011-02-16 11:14:12,733 -- 没找到对应的电话号码  ---  详细：13738503045,神州行本地,【手机号码：】13738503045@~【用户的诉求：】用户来电表示，要求取消程控里的校讯通副号码套餐1，前台无法办理。请帮忙解决，然后通知用户。@~【有效的联系电话及联系人：】13666875160 先生,2011-02-08 12:26:36,2011-02-09 12:00:00,超时  
 
 
 2011-02-16 11:14:12,737 -- 没找到对应的电话号码  ---  详细：13777622177,神州行本地,【受理号码：】13777622177@~【业务名称：】校讯通@~【订购时间：】2010-12-22 10:54:42@~【学校名称：】无法提供@~【用户的诉求：】用户来电反映这个号码无故办理校讯通，请帮忙核实，谢谢@~【有效的联系电话及联系：】13757666636 先生,2011-02-07 12:51:33,2011-02-08 12:00:00,超时  
 
 
 2011-02-16 11:14:12,742 -- 没找到对应的电话号码  ---  详细：15888790369,动感地带,【受理号码：】15888790369@~【业务名称：】校讯通@~【订购时间：】客户不知@~【学校名称：】敖江八中 潘耀耀@~【用户的诉求：】客户来电表示他是敖江八中的潘耀耀老师，现不知登录校讯通平台的密码及用户名，客户也不知学校负责此业务的负责人，请帮助查询处理，谢谢！@~【有效的联系电话及联系：】15888790369，潘小姐,2011-02-06 08:22:41,2011-02-07 08:22:41,超时  
 
 
 2011-02-16 11:14:12,746 -- 没找到对应的电话号码  ---  详细：13758722973,神州行本地,【手机号码：】13758722973@~【用户的诉求：】用户来电表示自己是学校的老师，登陆校讯通的平台但是提示用户名为登记，请帮忙核实处理，谢谢@~【有效的联系电话及联系人：】13758722973本人,2011-02-05 11:30:49,2011-02-06 11:30:49,超时  
 
 
 2011-02-16 11:14:12,750 -- 没找到对应的电话号码  ---  详细：13586038520,神州行本地,【受理号码：】13586038520@~【业务名称：】校讯通@~【订购时间：】无@~【学校名称：】峰江小学一二班班主任@~【用户的诉求：】用户来电表示自己是峰江小学一二班班主任，要求查询自己校讯通卡的积分，请处理@~【有效的联系电话及联系：】13586038520应女士,2011-02-05 11:09:09,2011-02-06 11:09:09,超时  
 
 
 2011-02-16 11:14:12,755 -- 没找到对应的电话号码  ---  详细：15967060067,神州行本地,【受理号码：】15967060067@~【业务名称：】校讯通@~【订购时间：】/@~【学校名称：】6288|临海市白水洋中学 玉环育才网络有限公司 初一(6)班 朱益民 @~【用户的诉求：】用户的校讯通已经取消掉了，但是现在还是会收到短信，要求屏蔽，谢谢！@~【有效的联系电话及联系：】15967060067，先生,2011-02-04 17:39:42,2011-02-05 17:39:42,超时  
 
 
 2011-02-16 11:14:12,759 -- 没找到对应的电话号码  ---  详细：13958937756,全球通,【受理号码：】13958937756@~【业务名称：】@~【订购时间：】@~【学校名称：】wzhuanhaixia7  瑞安市安阳实验小学 2年级6班@~【用户的诉求：】用户反映，他是学校老师，现在要登录校讯通平台账号提示密码错误，账号：wzhuanhaixia7  瑞安市安阳实验小学 2年级6班要求我们为他重置，请处理，谢谢！@~【有效的联系电话及联系：】13958937756  小姐,2011-02-03 16:04:22,2011-02-04 10:04:22,超时  
 
 
 2011-02-16 11:14:12,764 -- 没找到对应的电话号码  ---  详细：13857558039,神州行本地,【受理号码：】13857558039@~【业务名称：】校讯通@~【订购时间：】/@~【学校名称：】上虞市梁湖镇小@~【用户的诉求：】用户是学校的管理员，表示自己校讯通平台使用方面有问题，短信后面的签名要修改，请尽快处理回复，谢谢！@~【有效的联系电话及联系：】13857558039，先生,2011-02-02 22:16:17,2011-02-03 20:00:00,超时  
 
 
 2011-02-16 11:14:12,768 -- 没找到对应的电话号码  ---  详细：13957769268,全球通,【受理号码：】13957769268@~【业务名称：】校讯通@~【订购时间：】\@~【学校名称：】永昌第五小学  @~【用户的诉求：】用户王剑英是学校老师，校讯通平台用户名密码忘记了，请协助处理 谢谢@~【有效的联系电话及联系：】13957769268  王剑英,2011-02-02 22:00:55,2011-02-03 16:00:00,超时  
 
 
 2011-02-16 11:14:12,772 -- 没找到对应的电话号码  ---  详细：13511200295,动感地带,【手机号码：】13511200295@~【用户的诉求：】用户来电查询到2月份自己的校讯通还是扣费的，但是当初办理时说明寒暑假是免费，请核实处理，谢谢@~【有效的联系电话及联系人：】13511200295 先生,2011-02-02 14:09:28,2011-02-03 14:09:28,超时  
 
 
 2011-02-16 11:14:12,776 -- 没找到对应的电话号码  ---  详细：15968640116,动感地带,【受理号码：】15968640116@~【业务名称：】校讯通业务@~【订购时间：】无@~【学校名称：】天台平桥学校@~【用户的诉求：】用户来电没有订制校讯通但有收到校讯通的短信，要求屏蔽请处理@~【有效的联系电话及联系：】15968640116干小姐,2011-02-02 13:39:07,2011-02-03 12:00:00,超时  
 
 
 2011-02-16 11:14:12,780 -- 没找到对应的电话号码  ---  详细：13967636858,全球通,【受理号码：】13967636858@~【业务名称：校讯通@~【订购时间：】无@~【学校名称：】2226|芦蒲小学 玉环育才网络有限公司 小五(1)班 高慧敏    @~100799113434 13967636858 13967636858 @~【用户的诉求：】客户表示自己不认识此小孩经常收到10657061011889999短信下发请协助屏蔽@~【有效的联系电话及联系：】13967636858,2011-02-02 10:19:01,2011-02-02 18:19:01,超时  
 
 
 2011-02-16 11:14:12,785 -- 没找到对应的电话号码  ---  详细：15858642103,神州行本地,【受理号码：】15858642103@~【业务名称：】校讯通@~【订购时间：】用户无法提供@~【学校名称：】台州市平镇平桥中学@~【用户的诉求：】用户来电反映取消了校讯通还是有短信发给用户,连续很长时间了,用户要求屏蔽,请后台处理,谢谢@~【有效的联系电话及联系：】本机先生,2011-02-01 09:14:25,2011-02-02 09:14:25,超时  
 
 
 2011-02-16 11:14:12,789 -- 没找到对应的电话号码  ---  详细：15057024659,神州行本地,【受理号码：】15057024659@~【业务名称：校讯通@~【订购时间：】@~【学校名称：】卢浦小学@~【用户的诉求：】反映没有订制,但有收到校讯通短信,要求取消.@~【有效的联系电话及联系：】本机.小姐,2011-01-31 10:36:38,2011-02-01 10:36:38,超时  
 
 
 2011-02-16 11:14:12,793 -- 没找到对应的电话号码  ---  详细：15988914596,神州行本地,【受理号码：】15988914596@~【业务名称：】校讯通@~【订购时间：】@~【学校名称：】7622|教育-浙江省天台平桥中学 玉环育才网络有限公司 高三(1)班 张赞 @~【用户的诉求：】业务已取消，但是代码为：10657061011889999短信，仍然下发，请帮助屏蔽@~【有效的联系电话及联系：】15988914596,2011-01-29 17:16:50,2011-01-30 17:16:50,超时  
 
 
 2011-02-16 11:14:12,797 -- 没找到对应的电话号码  ---  详细：13566651923,神州行本地,【受理号码：】13566651923@~【业务名称：】校讯通@~【订购时间：】已取消@~【学校名称：】7622|教育-浙江省天台平桥中学 玉环育才网络有限公司 高二(13)班 庞佳妮     107698123774 13566651923 13566651923  校讯通一类套餐A[收费] 2011-01-02 12:32 否 否 已退订  @~【用户的诉求：】用户反映校讯通已取消仍收到信息，要求屏蔽，代码10657061011889999。@~【有效的联系电话及联系：】13566651923  庞邦瑞,2011-01-27 13:02:06,2011-01-28 12:00:00,超时  
 
 
 2011-02-16 11:14:12,802 -- 没找到对应的电话号码  ---  详细：13957067325,神州行本地,【受理号码：】13957067325@~【业务名称：】校讯通@~【订购时间：】/@~【学校名称：】遂昌县新世纪小学@~【用户的诉求：】用户表示自己是学校的老师，校讯通平台换过后登陆上去里面的班级信息不全，2年级到4年级都没有，要求核实处理，谢谢！@~【有效的联系电话及联系：】13957067325，小姐,2011-01-27 10:21:10,2011-01-28 10:21:10,超时  
 
 
 2011-02-16 11:14:12,812 -- 没找到对应的电话号码  ---  详细：13819225128,动感地带,【受理号码：】13819225128@~【订购时间：】2011-01-26 06:44:17@~【使用记录：】2011-01-26 06:44:17@~【用户的诉求：】该用户来电反映天气预报接收不到，接收其它短信正常，前台通过数据排障查看下发正常，补卡正常，但是用户就是收不到。前台解释无效，用户表示接收其他短信正常，态度强烈一定要求我方核实情况之后给予联系，请处理，谢谢@~【有效的联系电话及联系人：】13819225128,2011-01-27 09:21:26,2011-01-28 09:21:26,超时  
 
 
 2011-02-16 11:14:12,818 -- 没找到对应的电话号码  ---  详细：13738367980,动感地带,【受理号码：】13738367980@~【业务名称：】校讯通@~【订购时间：】无@~【学校名称：】沙城镇中学@~【用户的诉求：】用户反映现在登陆校讯通平台，发现学校的名字错了，现在平台中显示的是：沙城镇高级中学，用户所在学校应该是：沙城镇中学，这样造成用户的使用权限不对，无法正常使用，要求更改，请处理，谢谢。账号：wzlinlihua21。@~【有效的联系电话及联系：】13738367980林小姐,2011-01-25 21:03:37,2011-01-26 20:00:00,超时  
 
 
 2011-02-16 11:14:12,823 -- 没找到对应的电话号码  ---  详细：15158993239,全球通,【受理号码：】15158993239@~【业务名称：】校讯通@~【订购时间：】2011-01-07 12:09@~【学校名称：】4928|东阳市南马镇中心小学 磐安县东成移动业务服务部 小二(3)班 葛佳瑛 @~【用户的诉求：】用户表示自己在12月份并没有要求开通校讯通，现发现自2010年12月起开始收费，且该业务于2011年1月取消，现仍然帮助开通了为免费试用户记录。用户首先表示自己并没有开过，另一直以来没有收到短信，请您处理查询原因，谢谢 @~【有效的联系电话及联系：】15158993239葛先生,2011-01-24 20:00:27,2011-01-25 16:00:00,超时  
 
 
 2011-02-16 11:14:12,829 -- 没找到对应的电话号码  ---  详细：13665729786,神州行本地,【受理号码：】13665729786@~【业务名称：】校讯通一类套餐B2@~【订购时间：】2010.11.30@~【学校名称：】第五实验中学@~【用户的诉求：】用户来电反映校讯通短信收到内容空白，其他短信接收正常，态度强烈要求我方进行处理，请核实处理，谢谢！@~【有效的联系电话及联系：】本人本机,2011-01-24 17:47:25,2011-01-25 17:47:25,超时  
 
 
 2011-02-16 11:14:12,835 -- 没找到对应的电话号码  ---  详细：13968023041,神州行本地,【受理号码：】13968023041@~【业务名称：】校讯通@~【订购时间：】\@~【学校名称：】江南学前教育集团 小A班  @~【用户的诉求：】用户是学校老师，名字是：骆晓清 现在校讯通用户名和密码忘记了，请协助处理 谢谢 @~【有效的联系电话及联系：】13968023041  骆晓清,2011-01-24 14:22:28,2011-01-25 14:22:28,超时  
 
 
 2011-02-16 11:14:12,841 -- 没找到对应的电话号码  ---  详细：15857625422,神州行本地,【受理号码：】15857625422@~【业务名称：】校讯通一类套餐B2@~【订购时间：】2010-10-29 09:15:49@~【学校名称：】无@~【用户的诉求：】用户来电反映自己没有开通过校讯通，但无故开通了校讯通，用户要求取消，并给以退费，前台解释无效，请核实处理。@~【有效的联系电话及联系：】15267239529小姐,2011-01-23 22:48:53,2011-01-24 20:00:00,超时  
 
 
 2011-02-16 11:14:12,847 -- 没找到对应的电话号码  ---  详细：13665729524,神州行本地,【受理号码：】13665729524@~【业务名称：】校讯通@~【订购时间：】2010-11-30 21:49:19@~【学校名称：】湖州市第五中学@~【用户的诉求：】用户表示最近几天的校讯通接收都是空白的，没有内容，其他短信正常，整合平台查询下发记录正常：下发成功 10657061722272022 8613665729524 2011-01-23 11:03:54.0，已经建议用户换机测试，请厂家协助核实下发记录是否正常，谢谢！@~@~【有效的联系电话及联系：】13665729524,小姐,2011-01-23 11:50:47,2011-01-24 11:50:47,超时  
 
 
 2011-02-16 11:14:12,852 -- 没找到对应的电话号码  ---  详细：13566863590,神州行本地,【受理号码：】13566863590@~【业务名称：】校讯通@~【订购时间：】2010-11-26@~【学校名称：】白水洋小学@~【用户的诉求：】用户称没经过他同意无故开通校讯通，要求退换话费，挽回他的损失，强烈要求投诉，请帮忙核实，谢谢@~【有效的联系电话及联系：】13566863590  先生,2011-01-22 20:50:31,2011-01-23 20:00:00,超时  
 
 
 2011-02-16 11:14:12,857 -- 没找到对应的电话号码  ---  详细：13566415801,神州行本地,【受理号码：】13566415801@~【业务名称：】校讯通二类套餐B2@~【订购时间：】2010-11-01@~【学校名称：】中山小学@~【用户的诉求：】用户来电反映无故多开通了一个校讯通业务，用户表示自己办理了一个，用户态度强烈要求核实，请帮忙处理，谢谢。@~【有效的联系电话及联系：】本机 小姐,2011-01-18 08:40:44,2011-01-19 08:40:44,超时  
 
 
 2011-02-16 11:14:12,862 -- 没找到对应的电话号码  ---  详细：13588619508,神州行本地,【受理号码：】13588619508@~【业务名称：】校讯通@~【订购时间：】2010年12月@~【学校名称：】7542|永康市龙川学校初中部 永康艳铭通讯器材有限公司 初二(5)班 黄宇翔 @~【用户的诉求：】用户反映从办理后校讯通短信接收不到，如今天早上到校信息，请核实处理。@~【有效的联系电话及联系：】13588619508黄加彪,2011-01-08 10:24:25,2011-01-09 10:24:25,超时  
 
 
 2011-02-16 11:14:23,641 -- 没找到对应的电话号码  ---  详细：13735321046,神州行本地,【手机号码：】13735321046@~【用户的诉求：】用户来电反映自己已经取消校讯通业务，为什么还会接收到相关的短信，而且不是自己小孩子的信息，请后台帮忙核实处理，谢谢！@~【有效的联系电话及联系人：】13735321046  钱小姐,2011-02-15 22:05:55,2011-02-16 20:00:00,紧急  
 
 
 2011-02-16 11:14:23,646 -- 没找到对应的电话号码  ---  详细：13566237222,神州行本地,【受理号码：】13566237222@~【业务名称：】校讯通@~【订购时间：】无@~【学校名称：】10657061006243048111@~【用户的诉求：】该用户来电反映本手机没有开通校讯通但是一直收到相关信息要求屏蔽。@~【有效的联系电话及联系：】13566237222、先生,2011-02-15 22:03:00,2011-02-16 20:00:00,紧急  
 
 
 2011-02-16 11:14:23,651 -- 没找到对应的电话号码  ---  详细：13958918708,神州行本地,【受理号码：】13958918708@~【业务名称：】校讯通@~【订购时间：】温州建设小学 温州金鹰智能工程有限公司 五(1)班 叶F洁 @~【学校名称：】@~【用户的诉求：】客户表示自己校讯通业务13958918708一直是作为接受校讯通号码但是目前此号码接收不到短信，我方也未查询到下发记录，另外13905776565这个号码作为计费号码的，但是现在收到短信，客户要求核实处理！@~【有效的联系电话及联系：】13958918708,2011-02-15 21:13:40,2011-02-16 20:00:00,紧急  
 
 
 2011-02-16 11:14:23,655 -- 没找到对应的电话号码  ---  详细：13968756795,全球通,【受理号码：】13968756795@~【业务名称：】校讯通@~【订购时间：】2011-01-18 16:03:58@~【学校名称：】乐清乐成二中  初三(6)班 吴晨峰 @~【用户的诉求：】用户投诉自己没有填写过受理单，而且之前也已经取消过了又被开通，要求核实开通原因，请协助处理 @~【有效的联系电话及联系：】13968756795  吴近军,2011-02-15 19:18:26,2011-02-16 15:18:26,紧急  
 
 
 2011-02-16 11:14:23,660 -- 没找到对应的电话号码  ---  详细：13666666360,神州行本地,【受理号码：】13666666360@~【业务名称：】@~【订购时间：】@~【学校名称：】3996|淳安县临岐镇中心小学 杭州华海信息科技有限公司 四(1) 谢永潮 @~【用户的诉求：】用户表示校讯通业务已取消，但还收到：10657061005621020下发的短信，请为用户屏蔽处理，谢谢！@~【有效的联系电话及联系：】13666666360  先生,2011-02-15 18:30:58,2011-02-16 18:30:58,紧急  
 
 
 2011-02-16 11:14:23,665 -- 没找到对应的电话号码  ---  详细：13566425996,动感地带,【受理号码：】13566425996@~【业务名称：】校讯通@~【订购时间：】@~【学校名称：】2199|路桥区蓬街小学 浙江三维网络技术有限公司 小一(1)班 罗伟嘉     @~117697892480 13566425996 13566425996  校讯通一类套餐B2[免费] 2011-02-14 15:05 否 是 未同步  @~ 【用户的诉求：】用户反映校讯通已经取消，现在还是收到信息，我方查询2月14号有重新开通的记录未同步，烦请屏蔽以后不要再开通，谢谢！@~【有效的联系电话及联系：】13566425996 黄超群,2011-02-15 16:58:26,2011-02-16 16:58:26,紧急  
 
 
 2011-02-16 11:14:23,670 -- 没找到对应的电话号码  ---  详细：13587114612,神州行本地,【受理号码：】13587114612@~【业务名称：】校讯通一类套餐B2@~【订购时间：】20101123@~【学校名称：】客户无法提供@~【用户的诉求：】客户来电反映自己家里并没有小孩在上学，在去年却开通了一个校讯通，且还扣取费用，客户对此不满，要求有关工作人员核实此情况，并尽快回复！@~【有效的联系电话及联系：】13587114612/女士,2011-02-15 16:14:22,2011-02-16 16:14:22,紧急  
 
 
 2011-02-16 11:14:23,674 -- 没找到对应的电话号码  ---  详细：13867656532,神州行本地,【受理号码：】13867656532@~【业务名称：】校讯通@~【订购时间：】\@~【学校名称：】临海市白水洋镇店前小学@~【用户的诉求：】用户已取消校讯通但还是收到10657061011889999短信，用户要求屏蔽，请协助处理 谢谢@~【有效的联系电话及联系：】13867656532  朱银辉,2011-02-15 15:40:45,2011-02-16 15:40:45,紧急  
 
 
 2011-02-16 11:14:23,679 -- 没找到对应的电话号码  ---  详细：13634229029,神州行本地,【手机号码：】13634229029@~【用户的诉求：】用户来电反映自己并没有要求开通校讯通业务，但是用户现在发现帮其开通了， 用户表示很不满，要求解释，并退还这两个月的费用，用户态度强烈，故提交此工单，请相关部门帮忙核实处理，谢谢！@~【有效的联系电话及联系人：】13634229029/先生,2011-02-15 12:43:27,2011-02-16 12:00:00,紧急  
 
 
 2011-02-16 11:14:23,683 -- 没找到对应的电话号码  ---  详细：13588025709,神州行本地,【手机号码：】13588025709@~【用户的诉求：】客户反映校讯通业务是和13588180192这个号码一起开的，但是学校说只收其中一个号码的费用，现在却两个号码都在收费，请尽快核实@~【有效的联系电话及联系人：】13588025709,2011-02-15 12:39:42,2011-02-16 12:00:00,紧急  
 
 
 2011-02-16 11:14:23,688 -- 没找到对应的电话号码  ---  详细：13586122607,神州行本地,【受理号码：】13586122607@~【业务名称：】校讯通@~【订购时间：】无法提供@~【学校名称：】芦浦小学@~【用户的诉求：】用户来电反映从去年12月开始经常收到该学校的校讯通短信，但自己没有孩子在该学校，要求我公司取消，请协助处理。@~【有效的联系电话及联系：】13586122607  小姐,2011-02-15 12:33:08,2011-02-16 12:00:00,紧急  
 
 
 2011-02-16 11:14:23,693 -- 没找到对应的电话号码  ---  详细：13516771141,神州行本地,【受理号码：】13516771141@~【业务名称：】 校讯通@~【订购时间：】1月21号@~【学校名称：】富阳市常绿镇中心幼儿园  本园大班 章艺@~【用户的诉求：】用户投诉之前1月份就取消了校讯通，但月底又被开通了，而且自己也联系过学校整个幼儿园都没有在使用该业务的，请协助处理 谢谢@~【有效的联系电话及联系：】13516771141  徐丽芳,2011-02-15 12:21:29,2011-02-16 12:00:00,紧急  
 
 
 2011-02-16 11:14:23,697 -- 没找到对应的电话号码  ---  详细：13456498838,VIP客户,【受理号码：】13456498838@~【业务名称：】校讯通@~【订购时间：】无@~【学校名称：】台州市椒江区永安小学 浙江三维网络技术有限公司 初三(1)班 王川 ，台州市椒江区永安小学 浙江三维网络技术有限公司 初三(1)班 王欢 @~【用户的诉求：】用户来电表示不需要开通校讯通业务，现查询是免费体验期，请为用户取消，谢谢@~【有效的联系电话及联系：】13456498838王先生,2011-02-14 17:39:52,2011-02-14 19:39:52,超时  
 
 
 2011-02-16 11:14:23,702 -- 没找到对应的电话号码  ---  详细：13957690971,神州行本地,【受理号码：】13957690971@~【问题描述：】我并没有申请加入什么校讯通，不知道怎么的收到讯息，后来打10086查询后取消。但却要支付18元话费的损失，觉得非常不合理，要求给个说法。。。@~【话单记录：】2010.12  校讯通费  9元@~2011.01  校讯通费  9元@~【有效的联系电话：】13957690971@~【有效的联系人：】谢华君,2011-02-14 14:29:58,2011-02-15 14:29:58,超时  
 
 
 2011-02-16 11:14:23,707 -- 没找到对应的电话号码  ---  详细：13706579990,全球通,【受理号码：】13706579990@~【业务名称：】校讯通@~【订购时间：】@~【学校名称：】1958|天台苍山中学 玉环育才网络有限公司 高一(9)班 葛法宝     @~107698444210 13706579990 13706579990  校讯通一类套餐B2[收费] 2011-01-07 10:15 否 否 已退订 @~【用户的诉求：】用户反映校讯通已经取消，但是信息还是收到，要求尽快屏蔽@~【有效的联系电话及联系：】13706579990 陈华,2011-02-14 13:53:15,2011-02-14 20:00:00,超时  
 
 
 2011-02-16 11:14:23,711 -- 没找到对应的电话号码  ---  详细：13616559866,神州行本地,【手机号码：】13616559866@~【用户的诉求：】用户来电要求取消校讯通同步学（小学10元地市版），用户不愿自己操作，请处理，谢谢！@~【有效的联系电话及联系人：】本机 本人,2011-02-11 17:02:52,2011-02-12 17:02:52,超时  
 
 
 2011-02-16 11:14:23,715 -- 没找到对应的电话号码  ---  详细：13738503045,神州行本地,【手机号码：】13738503045@~【用户的诉求：】用户来电表示，要求取消程控里的校讯通副号码套餐1，前台无法办理。请帮忙解决，然后通知用户。@~【有效的联系电话及联系人：】13666875160 先生,2011-02-08 12:26:36,2011-02-09 12:00:00,超时  
 
 
 2011-02-16 11:14:23,720 -- 没找到对应的电话号码  ---  详细：13777622177,神州行本地,【受理号码：】13777622177@~【业务名称：】校讯通@~【订购时间：】2010-12-22 10:54:42@~【学校名称：】无法提供@~【用户的诉求：】用户来电反映这个号码无故办理校讯通，请帮忙核实，谢谢@~【有效的联系电话及联系：】13757666636 先生,2011-02-07 12:51:33,2011-02-08 12:00:00,超时  
 
 
 2011-02-16 11:14:23,724 -- 没找到对应的电话号码  ---  详细：15888790369,动感地带,【受理号码：】15888790369@~【业务名称：】校讯通@~【订购时间：】客户不知@~【学校名称：】敖江八中 潘耀耀@~【用户的诉求：】客户来电表示他是敖江八中的潘耀耀老师，现不知登录校讯通平台的密码及用户名，客户也不知学校负责此业务的负责人，请帮助查询处理，谢谢！@~【有效的联系电话及联系：】15888790369，潘小姐,2011-02-06 08:22:41,2011-02-07 08:22:41,超时  
 
 
 2011-02-16 11:14:23,728 -- 没找到对应的电话号码  ---  详细：13758722973,神州行本地,【手机号码：】13758722973@~【用户的诉求：】用户来电表示自己是学校的老师，登陆校讯通的平台但是提示用户名为登记，请帮忙核实处理，谢谢@~【有效的联系电话及联系人：】13758722973本人,2011-02-05 11:30:49,2011-02-06 11:30:49,超时  
 
 
 2011-02-16 11:14:23,732 -- 没找到对应的电话号码  ---  详细：13586038520,神州行本地,【受理号码：】13586038520@~【业务名称：】校讯通@~【订购时间：】无@~【学校名称：】峰江小学一二班班主任@~【用户的诉求：】用户来电表示自己是峰江小学一二班班主任，要求查询自己校讯通卡的积分，请处理@~【有效的联系电话及联系：】13586038520应女士,2011-02-05 11:09:09,2011-02-06 11:09:09,超时  
 
 
 2011-02-16 11:14:23,737 -- 没找到对应的电话号码  ---  详细：15967060067,神州行本地,【受理号码：】15967060067@~【业务名称：】校讯通@~【订购时间：】/@~【学校名称：】6288|临海市白水洋中学 玉环育才网络有限公司 初一(6)班 朱益民 @~【用户的诉求：】用户的校讯通已经取消掉了，但是现在还是会收到短信，要求屏蔽，谢谢！@~【有效的联系电话及联系：】15967060067，先生,2011-02-04 17:39:42,2011-02-05 17:39:42,超时  
 
 
 2011-02-16 11:14:23,742 -- 没找到对应的电话号码  ---  详细：13958937756,全球通,【受理号码：】13958937756@~【业务名称：】@~【订购时间：】@~【学校名称：】wzhuanhaixia7  瑞安市安阳实验小学 2年级6班@~【用户的诉求：】用户反映，他是学校老师，现在要登录校讯通平台账号提示密码错误，账号：wzhuanhaixia7  瑞安市安阳实验小学 2年级6班要求我们为他重置，请处理，谢谢！@~【有效的联系电话及联系：】13958937756  小姐,2011-02-03 16:04:22,2011-02-04 10:04:22,超时  
 
 
 2011-02-16 11:14:23,746 -- 没找到对应的电话号码  ---  详细：13857558039,神州行本地,【受理号码：】13857558039@~【业务名称：】校讯通@~【订购时间：】/@~【学校名称：】上虞市梁湖镇小@~【用户的诉求：】用户是学校的管理员，表示自己校讯通平台使用方面有问题，短信后面的签名要修改，请尽快处理回复，谢谢！@~【有效的联系电话及联系：】13857558039，先生,2011-02-02 22:16:17,2011-02-03 20:00:00,超时  
 
 
 2011-02-16 11:14:23,750 -- 没找到对应的电话号码  ---  详细：13957769268,全球通,【受理号码：】13957769268@~【业务名称：】校讯通@~【订购时间：】\@~【学校名称：】永昌第五小学  @~【用户的诉求：】用户王剑英是学校老师，校讯通平台用户名密码忘记了，请协助处理 谢谢@~【有效的联系电话及联系：】13957769268  王剑英,2011-02-02 22:00:55,2011-02-03 16:00:00,超时  
 
 
 2011-02-16 11:14:23,754 -- 没找到对应的电话号码  ---  详细：13511200295,动感地带,【手机号码：】13511200295@~【用户的诉求：】用户来电查询到2月份自己的校讯通还是扣费的，但是当初办理时说明寒暑假是免费，请核实处理，谢谢@~【有效的联系电话及联系人：】13511200295 先生,2011-02-02 14:09:28,2011-02-03 14:09:28,超时  
 
 
 2011-02-16 11:14:23,759 -- 没找到对应的电话号码  ---  详细：15968640116,动感地带,【受理号码：】15968640116@~【业务名称：】校讯通业务@~【订购时间：】无@~【学校名称：】天台平桥学校@~【用户的诉求：】用户来电没有订制校讯通但有收到校讯通的短信，要求屏蔽请处理@~【有效的联系电话及联系：】15968640116干小姐,2011-02-02 13:39:07,2011-02-03 12:00:00,超时  
 
 
 2011-02-16 11:14:23,764 -- 没找到对应的电话号码  ---  详细：13967636858,全球通,【受理号码：】13967636858@~【业务名称：校讯通@~【订购时间：】无@~【学校名称：】2226|芦蒲小学 玉环育才网络有限公司 小五(1)班 高慧敏    @~100799113434 13967636858 13967636858 @~【用户的诉求：】客户表示自己不认识此小孩经常收到10657061011889999短信下发请协助屏蔽@~【有效的联系电话及联系：】13967636858,2011-02-02 10:19:01,2011-02-02 18:19:01,超时  
 
 
 2011-02-16 11:14:23,768 -- 没找到对应的电话号码  ---  详细：15858642103,神州行本地,【受理号码：】15858642103@~【业务名称：】校讯通@~【订购时间：】用户无法提供@~【学校名称：】台州市平镇平桥中学@~【用户的诉求：】用户来电反映取消了校讯通还是有短信发给用户,连续很长时间了,用户要求屏蔽,请后台处理,谢谢@~【有效的联系电话及联系：】本机先生,2011-02-01 09:14:25,2011-02-02 09:14:25,超时  
 
 
 2011-02-16 11:14:23,772 -- 没找到对应的电话号码  ---  详细：15057024659,神州行本地,【受理号码：】15057024659@~【业务名称：校讯通@~【订购时间：】@~【学校名称：】卢浦小学@~【用户的诉求：】反映没有订制,但有收到校讯通短信,要求取消.@~【有效的联系电话及联系：】本机.小姐,2011-01-31 10:36:38,2011-02-01 10:36:38,超时  
 
 
 2011-02-16 11:14:23,776 -- 没找到对应的电话号码  ---  详细：15988914596,神州行本地,【受理号码：】15988914596@~【业务名称：】校讯通@~【订购时间：】@~【学校名称：】7622|教育-浙江省天台平桥中学 玉环育才网络有限公司 高三(1)班 张赞 @~【用户的诉求：】业务已取消，但是代码为：10657061011889999短信，仍然下发，请帮助屏蔽@~【有效的联系电话及联系：】15988914596,2011-01-29 17:16:50,2011-01-30 17:16:50,超时  
 
 
 2011-02-16 11:14:23,780 -- 没找到对应的电话号码  ---  详细：13566651923,神州行本地,【受理号码：】13566651923@~【业务名称：】校讯通@~【订购时间：】已取消@~【学校名称：】7622|教育-浙江省天台平桥中学 玉环育才网络有限公司 高二(13)班 庞佳妮     107698123774 13566651923 13566651923  校讯通一类套餐A[收费] 2011-01-02 12:32 否 否 已退订  @~【用户的诉求：】用户反映校讯通已取消仍收到信息，要求屏蔽，代码10657061011889999。@~【有效的联系电话及联系：】13566651923  庞邦瑞,2011-01-27 13:02:06,2011-01-28 12:00:00,超时  
 
 
 2011-02-16 11:14:23,784 -- 没找到对应的电话号码  ---  详细：13957067325,神州行本地,【受理号码：】13957067325@~【业务名称：】校讯通@~【订购时间：】/@~【学校名称：】遂昌县新世纪小学@~【用户的诉求：】用户表示自己是学校的老师，校讯通平台换过后登陆上去里面的班级信息不全，2年级到4年级都没有，要求核实处理，谢谢！@~【有效的联系电话及联系：】13957067325，小姐,2011-01-27 10:21:10,2011-01-28 10:21:10,超时  
 
 
 2011-02-16 11:14:23,789 -- 没找到对应的电话号码  ---  详细：13819225128,动感地带,【受理号码：】13819225128@~【订购时间：】2011-01-26 06:44:17@~【使用记录：】2011-01-26 06:44:17@~【用户的诉求：】该用户来电反映天气预报接收不到，接收其它短信正常，前台通过数据排障查看下发正常，补卡正常，但是用户就是收不到。前台解释无效，用户表示接收其他短信正常，态度强烈一定要求我方核实情况之后给予联系，请处理，谢谢@~【有效的联系电话及联系人：】13819225128,2011-01-27 09:21:26,2011-01-28 09:21:26,超时  
 
 
 2011-02-16 11:14:23,793 -- 没找到对应的电话号码  ---  详细：13738367980,动感地带,【受理号码：】13738367980@~【业务名称：】校讯通@~【订购时间：】无@~【学校名称：】沙城镇中学@~【用户的诉求：】用户反映现在登陆校讯通平台，发现学校的名字错了，现在平台中显示的是：沙城镇高级中学，用户所在学校应该是：沙城镇中学，这样造成用户的使用权限不对，无法正常使用，要求更改，请处理，谢谢。账号：wzlinlihua21。@~【有效的联系电话及联系：】13738367980林小姐,2011-01-25 21:03:37,2011-01-26 20:00:00,超时  
 
 
 2011-02-16 11:14:23,799 -- 没找到对应的电话号码  ---  详细：15158993239,全球通,【受理号码：】15158993239@~【业务名称：】校讯通@~【订购时间：】2011-01-07 12:09@~【学校名称：】4928|东阳市南马镇中心小学 磐安县东成移动业务服务部 小二(3)班 葛佳瑛 @~【用户的诉求：】用户表示自己在12月份并没有要求开通校讯通，现发现自2010年12月起开始收费，且该业务于2011年1月取消，现仍然帮助开通了为免费试用户记录。用户首先表示自己并没有开过，另一直以来没有收到短信，请您处理查询原因，谢谢 @~【有效的联系电话及联系：】15158993239葛先生,2011-01-24 20:00:27,2011-01-25 16:00:00,超时  
 
 
 2011-02-16 11:14:23,804 -- 没找到对应的电话号码  ---  详细：13665729786,神州行本地,【受理号码：】13665729786@~【业务名称：】校讯通一类套餐B2@~【订购时间：】2010.11.30@~【学校名称：】第五实验中学@~【用户的诉求：】用户来电反映校讯通短信收到内容空白，其他短信接收正常，态度强烈要求我方进行处理，请核实处理，谢谢！@~【有效的联系电话及联系：】本人本机,2011-01-24 17:47:25,2011-01-25 17:47:25,超时  
 
 
 2011-02-16 11:14:23,809 -- 没找到对应的电话号码  ---  详细：13968023041,神州行本地,【受理号码：】13968023041@~【业务名称：】校讯通@~【订购时间：】\@~【学校名称：】江南学前教育集团 小A班  @~【用户的诉求：】用户是学校老师，名字是：骆晓清 现在校讯通用户名和密码忘记了，请协助处理 谢谢 @~【有效的联系电话及联系：】13968023041  骆晓清,2011-01-24 14:22:28,2011-01-25 14:22:28,超时  
 
 
 2011-02-16 11:14:23,814 -- 没找到对应的电话号码  ---  详细：15857625422,神州行本地,【受理号码：】15857625422@~【业务名称：】校讯通一类套餐B2@~【订购时间：】2010-10-29 09:15:49@~【学校名称：】无@~【用户的诉求：】用户来电反映自己没有开通过校讯通，但无故开通了校讯通，用户要求取消，并给以退费，前台解释无效，请核实处理。@~【有效的联系电话及联系：】15267239529小姐,2011-01-23 22:48:53,2011-01-24 20:00:00,超时  
 
 
 2011-02-16 11:14:23,818 -- 没找到对应的电话号码  ---  详细：13665729524,神州行本地,【受理号码：】13665729524@~【业务名称：】校讯通@~【订购时间：】2010-11-30 21:49:19@~【学校名称：】湖州市第五中学@~【用户的诉求：】用户表示最近几天的校讯通接收都是空白的，没有内容，其他短信正常，整合平台查询下发记录正常：下发成功 10657061722272022 8613665729524 2011-01-23 11:03:54.0，已经建议用户换机测试，请厂家协助核实下发记录是否正常，谢谢！@~@~【有效的联系电话及联系：】13665729524,小姐,2011-01-23 11:50:47,2011-01-24 11:50:47,超时  
 
 
 2011-02-16 11:14:23,823 -- 没找到对应的电话号码  ---  详细：13566863590,神州行本地,【受理号码：】13566863590@~【业务名称：】校讯通@~【订购时间：】2010-11-26@~【学校名称：】白水洋小学@~【用户的诉求：】用户称没经过他同意无故开通校讯通，要求退换话费，挽回他的损失，强烈要求投诉，请帮忙核实，谢谢@~【有效的联系电话及联系：】13566863590  先生,2011-01-22 20:50:31,2011-01-23 20:00:00,超时  
 
 
 2011-02-16 11:14:23,828 -- 没找到对应的电话号码  ---  详细：13566415801,神州行本地,【受理号码：】13566415801@~【业务名称：】校讯通二类套餐B2@~【订购时间：】2010-11-01@~【学校名称：】中山小学@~【用户的诉求：】用户来电反映无故多开通了一个校讯通业务，用户表示自己办理了一个，用户态度强烈要求核实，请帮忙处理，谢谢。@~【有效的联系电话及联系：】本机 小姐,2011-01-18 08:40:44,2011-01-19 08:40:44,超时  
 
 
 2011-02-16 11:14:23,832 -- 没找到对应的电话号码  ---  详细：13588619508,神州行本地,【受理号码：】13588619508@~【业务名称：】校讯通@~【订购时间：】2010年12月@~【学校名称：】7542|永康市龙川学校初中部 永康艳铭通讯器材有限公司 初二(5)班 黄宇翔 @~【用户的诉求：】用户反映从办理后校讯通短信接收不到，如今天早上到校信息，请核实处理。@~【有效的联系电话及联系：】13588619508黄加彪,2011-01-08 10:24:25,2011-01-09 10:24:25,超时  
 
 
 2011-02-16 11:14:33,803 -- 没找到对应的电话号码  ---  详细：13735321046,神州行本地,【手机号码：】13735321046@~【用户的诉求：】用户来电反映自己已经取消校讯通业务，为什么还会接收到相关的短信，而且不是自己小孩子的信息，请后台帮忙核实处理，谢谢！@~【有效的联系电话及联系人：】13735321046  钱小姐,2011-02-15 22:05:55,2011-02-16 20:00:00,紧急  
 
 
 2011-02-16 11:14:33,807 -- 没找到对应的电话号码  ---  详细：13566237222,神州行本地,【受理号码：】13566237222@~【业务名称：】校讯通@~【订购时间：】无@~【学校名称：】10657061006243048111@~【用户的诉求：】该用户来电反映本手机没有开通校讯通但是一直收到相关信息要求屏蔽。@~【有效的联系电话及联系：】13566237222、先生,2011-02-15 22:03:00,2011-02-16 20:00:00,紧急  
 
 
 2011-02-16 11:14:33,811 -- 没找到对应的电话号码  ---  详细：13958918708,神州行本地,【受理号码：】13958918708@~【业务名称：】校讯通@~【订购时间：】温州建设小学 温州金鹰智能工程有限公司 五(1)班 叶F洁 @~【学校名称：】@~【用户的诉求：】客户表示自己校讯通业务13958918708一直是作为接受校讯通号码但是目前此号码接收不到短信，我方也未查询到下发记录，另外13905776565这个号码作为计费号码的，但是现在收到短信，客户要求核实处理！@~【有效的联系电话及联系：】13958918708,2011-02-15 21:13:40,2011-02-16 20:00:00,紧急  
 
 
 2011-02-16 11:14:33,815 -- 没找到对应的电话号码  ---  详细：13968756795,全球通,【受理号码：】13968756795@~【业务名称：】校讯通@~【订购时间：】2011-01-18 16:03:58@~【学校名称：】乐清乐成二中  初三(6)班 吴晨峰 @~【用户的诉求：】用户投诉自己没有填写过受理单，而且之前也已经取消过了又被开通，要求核实开通原因，请协助处理 @~【有效的联系电话及联系：】13968756795  吴近军,2011-02-15 19:18:26,2011-02-16 15:18:26,紧急  
 
 
 2011-02-16 11:14:33,819 -- 没找到对应的电话号码  ---  详细：13666666360,神州行本地,【受理号码：】13666666360@~【业务名称：】@~【订购时间：】@~【学校名称：】3996|淳安县临岐镇中心小学 杭州华海信息科技有限公司 四(1) 谢永潮 @~【用户的诉求：】用户表示校讯通业务已取消，但还收到：10657061005621020下发的短信，请为用户屏蔽处理，谢谢！@~【有效的联系电话及联系：】13666666360  先生,2011-02-15 18:30:58,2011-02-16 18:30:58,紧急  
 
 
 2011-02-16 11:14:33,824 -- 没找到对应的电话号码  ---  详细：13566425996,动感地带,【受理号码：】13566425996@~【业务名称：】校讯通@~【订购时间：】@~【学校名称：】2199|路桥区蓬街小学 浙江三维网络技术有限公司 小一(1)班 罗伟嘉     @~117697892480 13566425996 13566425996  校讯通一类套餐B2[免费] 2011-02-14 15:05 否 是 未同步  @~ 【用户的诉求：】用户反映校讯通已经取消，现在还是收到信息，我方查询2月14号有重新开通的记录未同步，烦请屏蔽以后不要再开通，谢谢！@~【有效的联系电话及联系：】13566425996 黄超群,2011-02-15 16:58:26,2011-02-16 16:58:26,紧急  
 
 
 2011-02-16 11:14:33,828 -- 没找到对应的电话号码  ---  详细：13587114612,神州行本地,【受理号码：】13587114612@~【业务名称：】校讯通一类套餐B2@~【订购时间：】20101123@~【学校名称：】客户无法提供@~【用户的诉求：】客户来电反映自己家里并没有小孩在上学，在去年却开通了一个校讯通，且还扣取费用，客户对此不满，要求有关工作人员核实此情况，并尽快回复！@~【有效的联系电话及联系：】13587114612/女士,2011-02-15 16:14:22,2011-02-16 16:14:22,紧急  
 
 
 2011-02-16 11:14:33,832 -- 没找到对应的电话号码  ---  详细：13867656532,神州行本地,【受理号码：】13867656532@~【业务名称：】校讯通@~【订购时间：】\@~【学校名称：】临海市白水洋镇店前小学@~【用户的诉求：】用户已取消校讯通但还是收到10657061011889999短信，用户要求屏蔽，请协助处理 谢谢@~【有效的联系电话及联系：】13867656532  朱银辉,2011-02-15 15:40:45,2011-02-16 15:40:45,紧急  
 
 
 2011-02-16 11:14:33,836 -- 没找到对应的电话号码  ---  详细：13634229029,神州行本地,【手机号码：】13634229029@~【用户的诉求：】用户来电反映自己并没有要求开通校讯通业务，但是用户现在发现帮其开通了， 用户表示很不满，要求解释，并退还这两个月的费用，用户态度强烈，故提交此工单，请相关部门帮忙核实处理，谢谢！@~【有效的联系电话及联系人：】13634229029/先生,2011-02-15 12:43:27,2011-02-16 12:00:00,紧急  
 
 
 2011-02-16 11:14:33,840 -- 没找到对应的电话号码  ---  详细：13588025709,神州行本地,【手机号码：】13588025709@~【用户的诉求：】客户反映校讯通业务是和13588180192这个号码一起开的，但是学校说只收其中一个号码的费用，现在却两个号码都在收费，请尽快核实@~【有效的联系电话及联系人：】13588025709,2011-02-15 12:39:42,2011-02-16 12:00:00,紧急  
 
 
 2011-02-16 11:14:33,844 -- 没找到对应的电话号码  ---  详细：13586122607,神州行本地,【受理号码：】13586122607@~【业务名称：】校讯通@~【订购时间：】无法提供@~【学校名称：】芦浦小学@~【用户的诉求：】用户来电反映从去年12月开始经常收到该学校的校讯通短信，但自己没有孩子在该学校，要求我公司取消，请协助处理。@~【有效的联系电话及联系：】13586122607  小姐,2011-02-15 12:33:08,2011-02-16 12:00:00,紧急  
 
 
 2011-02-16 11:14:33,848 -- 没找到对应的电话号码  ---  详细：13516771141,神州行本地,【受理号码：】13516771141@~【业务名称：】 校讯通@~【订购时间：】1月21号@~【学校名称：】富阳市常绿镇中心幼儿园  本园大班 章艺@~【用户的诉求：】用户投诉之前1月份就取消了校讯通，但月底又被开通了，而且自己也联系过学校整个幼儿园都没有在使用该业务的，请协助处理 谢谢@~【有效的联系电话及联系：】13516771141  徐丽芳,2011-02-15 12:21:29,2011-02-16 12:00:00,紧急  
 
 
 2011-02-16 11:14:33,854 -- 没找到对应的电话号码  ---  详细：13456498838,VIP客户,【受理号码：】13456498838@~【业务名称：】校讯通@~【订购时间：】无@~【学校名称：】台州市椒江区永安小学 浙江三维网络技术有限公司 初三(1)班 王川 ，台州市椒江区永安小学 浙江三维网络技术有限公司 初三(1)班 王欢 @~【用户的诉求：】用户来电表示不需要开通校讯通业务，现查询是免费体验期，请为用户取消，谢谢@~【有效的联系电话及联系：】13456498838王先生,2011-02-14 17:39:52,2011-02-14 19:39:52,超时  
 
 
 2011-02-16 11:14:33,858 -- 没找到对应的电话号码  ---  详细：13957690971,神州行本地,【受理号码：】13957690971@~【问题描述：】我并没有申请加入什么校讯通，不知道怎么的收到讯息，后来打10086查询后取消。但却要支付18元话费的损失，觉得非常不合理，要求给个说法。。。@~【话单记录：】2010.12  校讯通费  9元@~2011.01  校讯通费  9元@~【有效的联系电话：】13957690971@~【有效的联系人：】谢华君,2011-02-14 14:29:58,2011-02-15 14:29:58,超时  
 
 
 2011-02-16 11:14:33,863 -- 没找到对应的电话号码  ---  详细：13706579990,全球通,【受理号码：】13706579990@~【业务名称：】校讯通@~【订购时间：】@~【学校名称：】1958|天台苍山中学 玉环育才网络有限公司 高一(9)班 葛法宝     @~107698444210 13706579990 13706579990  校讯通一类套餐B2[收费] 2011-01-07 10:15 否 否 已退订 @~【用户的诉求：】用户反映校讯通已经取消，但是信息还是收到，要求尽快屏蔽@~【有效的联系电话及联系：】13706579990 陈华,2011-02-14 13:53:15,2011-02-14 20:00:00,超时  
 
 
 2011-02-16 11:14:33,867 -- 没找到对应的电话号码  ---  详细：13616559866,神州行本地,【手机号码：】13616559866@~【用户的诉求：】用户来电要求取消校讯通同步学（小学10元地市版），用户不愿自己操作，请处理，谢谢！@~【有效的联系电话及联系人：】本机 本人,2011-02-11 17:02:52,2011-02-12 17:02:52,超时  
 
 
 2011-02-16 11:14:33,871 -- 没找到对应的电话号码  ---  详细：13738503045,神州行本地,【手机号码：】13738503045@~【用户的诉求：】用户来电表示，要求取消程控里的校讯通副号码套餐1，前台无法办理。请帮忙解决，然后通知用户。@~【有效的联系电话及联系人：】13666875160 先生,2011-02-08 12:26:36,2011-02-09 12:00:00,超时  
 
 
 2011-02-16 11:14:33,875 -- 没找到对应的电话号码  ---  详细：13777622177,神州行本地,【受理号码：】13777622177@~【业务名称：】校讯通@~【订购时间：】2010-12-22 10:54:42@~【学校名称：】无法提供@~【用户的诉求：】用户来电反映这个号码无故办理校讯通，请帮忙核实，谢谢@~【有效的联系电话及联系：】13757666636 先生,2011-02-07 12:51:33,2011-02-08 12:00:00,超时  
 
 
 2011-02-16 11:14:33,880 -- 没找到对应的电话号码  ---  详细：15888790369,动感地带,【受理号码：】15888790369@~【业务名称：】校讯通@~【订购时间：】客户不知@~【学校名称：】敖江八中 潘耀耀@~【用户的诉求：】客户来电表示他是敖江八中的潘耀耀老师，现不知登录校讯通平台的密码及用户名，客户也不知学校负责此业务的负责人，请帮助查询处理，谢谢！@~【有效的联系电话及联系：】15888790369，潘小姐,2011-02-06 08:22:41,2011-02-07 08:22:41,超时  
 
 
 2011-02-16 11:14:33,884 -- 没找到对应的电话号码  ---  详细：13758722973,神州行本地,【手机号码：】13758722973@~【用户的诉求：】用户来电表示自己是学校的老师，登陆校讯通的平台但是提示用户名为登记，请帮忙核实处理，谢谢@~【有效的联系电话及联系人：】13758722973本人,2011-02-05 11:30:49,2011-02-06 11:30:49,超时  
 
 
 2011-02-16 11:14:33,888 -- 没找到对应的电话号码  ---  详细：13586038520,神州行本地,【受理号码：】13586038520@~【业务名称：】校讯通@~【订购时间：】无@~【学校名称：】峰江小学一二班班主任@~【用户的诉求：】用户来电表示自己是峰江小学一二班班主任，要求查询自己校讯通卡的积分，请处理@~【有效的联系电话及联系：】13586038520应女士,2011-02-05 11:09:09,2011-02-06 11:09:09,超时  
 
 
 2011-02-16 11:14:33,892 -- 没找到对应的电话号码  ---  详细：15967060067,神州行本地,【受理号码：】15967060067@~【业务名称：】校讯通@~【订购时间：】/@~【学校名称：】6288|临海市白水洋中学 玉环育才网络有限公司 初一(6)班 朱益民 @~【用户的诉求：】用户的校讯通已经取消掉了，但是现在还是会收到短信，要求屏蔽，谢谢！@~【有效的联系电话及联系：】15967060067，先生,2011-02-04 17:39:42,2011-02-05 17:39:42,超时  
 
 
 2011-02-16 11:14:33,897 -- 没找到对应的电话号码  ---  详细：13958937756,全球通,【受理号码：】13958937756@~【业务名称：】@~【订购时间：】@~【学校名称：】wzhuanhaixia7  瑞安市安阳实验小学 2年级6班@~【用户的诉求：】用户反映，他是学校老师，现在要登录校讯通平台账号提示密码错误，账号：wzhuanhaixia7  瑞安市安阳实验小学 2年级6班要求我们为他重置，请处理，谢谢！@~【有效的联系电话及联系：】13958937756  小姐,2011-02-03 16:04:22,2011-02-04 10:04:22,超时  
 
 
 2011-02-16 11:14:33,901 -- 没找到对应的电话号码  ---  详细：13857558039,神州行本地,【受理号码：】13857558039@~【业务名称：】校讯通@~【订购时间：】/@~【学校名称：】上虞市梁湖镇小@~【用户的诉求：】用户是学校的管理员，表示自己校讯通平台使用方面有问题，短信后面的签名要修改，请尽快处理回复，谢谢！@~【有效的联系电话及联系：】13857558039，先生,2011-02-02 22:16:17,2011-02-03 20:00:00,超时  
 
 
 2011-02-16 11:14:33,905 -- 没找到对应的电话号码  ---  详细：13957769268,全球通,【受理号码：】13957769268@~【业务名称：】校讯通@~【订购时间：】\@~【学校名称：】永昌第五小学  @~【用户的诉求：】用户王剑英是学校老师，校讯通平台用户名密码忘记了，请协助处理 谢谢@~【有效的联系电话及联系：】13957769268  王剑英,2011-02-02 22:00:55,2011-02-03 16:00:00,超时  
 
 
 2011-02-16 11:14:33,909 -- 没找到对应的电话号码  ---  详细：13511200295,动感地带,【手机号码：】13511200295@~【用户的诉求：】用户来电查询到2月份自己的校讯通还是扣费的，但是当初办理时说明寒暑假是免费，请核实处理，谢谢@~【有效的联系电话及联系人：】13511200295 先生,2011-02-02 14:09:28,2011-02-03 14:09:28,超时  
 
 
 2011-02-16 11:14:33,913 -- 没找到对应的电话号码  ---  详细：15968640116,动感地带,【受理号码：】15968640116@~【业务名称：】校讯通业务@~【订购时间：】无@~【学校名称：】天台平桥学校@~【用户的诉求：】用户来电没有订制校讯通但有收到校讯通的短信，要求屏蔽请处理@~【有效的联系电话及联系：】15968640116干小姐,2011-02-02 13:39:07,2011-02-03 12:00:00,超时  
 
 
 2011-02-16 11:14:33,918 -- 没找到对应的电话号码  ---  详细：13967636858,全球通,【受理号码：】13967636858@~【业务名称：校讯通@~【订购时间：】无@~【学校名称：】2226|芦蒲小学 玉环育才网络有限公司 小五(1)班 高慧敏    @~100799113434 13967636858 13967636858 @~【用户的诉求：】客户表示自己不认识此小孩经常收到10657061011889999短信下发请协助屏蔽@~【有效的联系电话及联系：】13967636858,2011-02-02 10:19:01,2011-02-02 18:19:01,超时  
 
 
 2011-02-16 11:14:33,922 -- 没找到对应的电话号码  ---  详细：15858642103,神州行本地,【受理号码：】15858642103@~【业务名称：】校讯通@~【订购时间：】用户无法提供@~【学校名称：】台州市平镇平桥中学@~【用户的诉求：】用户来电反映取消了校讯通还是有短信发给用户,连续很长时间了,用户要求屏蔽,请后台处理,谢谢@~【有效的联系电话及联系：】本机先生,2011-02-01 09:14:25,2011-02-02 09:14:25,超时  
 
 
 2011-02-16 11:14:33,926 -- 没找到对应的电话号码  ---  详细：15057024659,神州行本地,【受理号码：】15057024659@~【业务名称：校讯通@~【订购时间：】@~【学校名称：】卢浦小学@~【用户的诉求：】反映没有订制,但有收到校讯通短信,要求取消.@~【有效的联系电话及联系：】本机.小姐,2011-01-31 10:36:38,2011-02-01 10:36:38,超时  
 
 
 2011-02-16 11:14:33,930 -- 没找到对应的电话号码  ---  详细：15988914596,神州行本地,【受理号码：】15988914596@~【业务名称：】校讯通@~【订购时间：】@~【学校名称：】7622|教育-浙江省天台平桥中学 玉环育才网络有限公司 高三(1)班 张赞 @~【用户的诉求：】业务已取消，但是代码为：10657061011889999短信，仍然下发，请帮助屏蔽@~【有效的联系电话及联系：】15988914596,2011-01-29 17:16:50,2011-01-30 17:16:50,超时  
 
 
 2011-02-16 11:14:33,934 -- 没找到对应的电话号码  ---  详细：13566651923,神州行本地,【受理号码：】13566651923@~【业务名称：】校讯通@~【订购时间：】已取消@~【学校名称：】7622|教育-浙江省天台平桥中学 玉环育才网络有限公司 高二(13)班 庞佳妮     107698123774 13566651923 13566651923  校讯通一类套餐A[收费] 2011-01-02 12:32 否 否 已退订  @~【用户的诉求：】用户反映校讯通已取消仍收到信息，要求屏蔽，代码10657061011889999。@~【有效的联系电话及联系：】13566651923  庞邦瑞,2011-01-27 13:02:06,2011-01-28 12:00:00,超时  
 
 
 2011-02-16 11:14:33,938 -- 没找到对应的电话号码  ---  详细：13957067325,神州行本地,【受理号码：】13957067325@~【业务名称：】校讯通@~【订购时间：】/@~【学校名称：】遂昌县新世纪小学@~【用户的诉求：】用户表示自己是学校的老师，校讯通平台换过后登陆上去里面的班级信息不全，2年级到4年级都没有，要求核实处理，谢谢！@~【有效的联系电话及联系：】13957067325，小姐,2011-01-27 10:21:10,2011-01-28 10:21:10,超时  
 
 
 2011-02-16 11:14:33,942 -- 没找到对应的电话号码  ---  详细：13819225128,动感地带,【受理号码：】13819225128@~【订购时间：】2011-01-26 06:44:17@~【使用记录：】2011-01-26 06:44:17@~【用户的诉求：】该用户来电反映天气预报接收不到，接收其它短信正常，前台通过数据排障查看下发正常，补卡正常，但是用户就是收不到。前台解释无效，用户表示接收其他短信正常，态度强烈一定要求我方核实情况之后给予联系，请处理，谢谢@~【有效的联系电话及联系人：】13819225128,2011-01-27 09:21:26,2011-01-28 09:21:26,超时  
 
 
 2011-02-16 11:14:33,947 -- 没找到对应的电话号码  ---  详细：13738367980,动感地带,【受理号码：】13738367980@~【业务名称：】校讯通@~【订购时间：】无@~【学校名称：】沙城镇中学@~【用户的诉求：】用户反映现在登陆校讯通平台，发现学校的名字错了，现在平台中显示的是：沙城镇高级中学，用户所在学校应该是：沙城镇中学，这样造成用户的使用权限不对，无法正常使用，要求更改，请处理，谢谢。账号：wzlinlihua21。@~【有效的联系电话及联系：】13738367980林小姐,2011-01-25 21:03:37,2011-01-26 20:00:00,超时  
 
 
 2011-02-16 11:14:33,951 -- 没找到对应的电话号码  ---  详细：15158993239,全球通,【受理号码：】15158993239@~【业务名称：】校讯通@~【订购时间：】2011-01-07 12:09@~【学校名称：】4928|东阳市南马镇中心小学 磐安县东成移动业务服务部 小二(3)班 葛佳瑛 @~【用户的诉求：】用户表示自己在12月份并没有要求开通校讯通，现发现自2010年12月起开始收费，且该业务于2011年1月取消，现仍然帮助开通了为免费试用户记录。用户首先表示自己并没有开过，另一直以来没有收到短信，请您处理查询原因，谢谢 @~【有效的联系电话及联系：】15158993239葛先生,2011-01-24 20:00:27,2011-01-25 16:00:00,超时  
 
 
 2011-02-16 11:14:33,955 -- 没找到对应的电话号码  ---  详细：13665729786,神州行本地,【受理号码：】13665729786@~【业务名称：】校讯通一类套餐B2@~【订购时间：】2010.11.30@~【学校名称：】第五实验中学@~【用户的诉求：】用户来电反映校讯通短信收到内容空白，其他短信接收正常，态度强烈要求我方进行处理，请核实处理，谢谢！@~【有效的联系电话及联系：】本人本机,2011-01-24 17:47:25,2011-01-25 17:47:25,超时  
 
 
 2011-02-16 11:14:33,959 -- 没找到对应的电话号码  ---  详细：13968023041,神州行本地,【受理号码：】13968023041@~【业务名称：】校讯通@~【订购时间：】\@~【学校名称：】江南学前教育集团 小A班  @~【用户的诉求：】用户是学校老师，名字是：骆晓清 现在校讯通用户名和密码忘记了，请协助处理 谢谢 @~【有效的联系电话及联系：】13968023041  骆晓清,2011-01-24 14:22:28,2011-01-25 14:22:28,超时  
 
 
 2011-02-16 11:14:33,964 -- 没找到对应的电话号码  ---  详细：15857625422,神州行本地,【受理号码：】15857625422@~【业务名称：】校讯通一类套餐B2@~【订购时间：】2010-10-29 09:15:49@~【学校名称：】无@~【用户的诉求：】用户来电反映自己没有开通过校讯通，但无故开通了校讯通，用户要求取消，并给以退费，前台解释无效，请核实处理。@~【有效的联系电话及联系：】15267239529小姐,2011-01-23 22:48:53,2011-01-24 20:00:00,超时  
 
 
 2011-02-16 11:14:33,969 -- 没找到对应的电话号码  ---  详细：13665729524,神州行本地,【受理号码：】13665729524@~【业务名称：】校讯通@~【订购时间：】2010-11-30 21:49:19@~【学校名称：】湖州市第五中学@~【用户的诉求：】用户表示最近几天的校讯通接收都是空白的，没有内容，其他短信正常，整合平台查询下发记录正常：下发成功 10657061722272022 8613665729524 2011-01-23 11:03:54.0，已经建议用户换机测试，请厂家协助核实下发记录是否正常，谢谢！@~@~【有效的联系电话及联系：】13665729524,小姐,2011-01-23 11:50:47,2011-01-24 11:50:47,超时  
 
 
 2011-02-16 11:14:33,973 -- 没找到对应的电话号码  ---  详细：13566863590,神州行本地,【受理号码：】13566863590@~【业务名称：】校讯通@~【订购时间：】2010-11-26@~【学校名称：】白水洋小学@~【用户的诉求：】用户称没经过他同意无故开通校讯通，要求退换话费，挽回他的损失，强烈要求投诉，请帮忙核实，谢谢@~【有效的联系电话及联系：】13566863590  先生,2011-01-22 20:50:31,2011-01-23 20:00:00,超时  
 
 
 2011-02-16 11:14:33,977 -- 没找到对应的电话号码  ---  详细：13566415801,神州行本地,【受理号码：】13566415801@~【业务名称：】校讯通二类套餐B2@~【订购时间：】2010-11-01@~【学校名称：】中山小学@~【用户的诉求：】用户来电反映无故多开通了一个校讯通业务，用户表示自己办理了一个，用户态度强烈要求核实，请帮忙处理，谢谢。@~【有效的联系电话及联系：】本机 小姐,2011-01-18 08:40:44,2011-01-19 08:40:44,超时  
 
 
 2011-02-16 11:14:33,981 -- 没找到对应的电话号码  ---  详细：13588619508,神州行本地,【受理号码：】13588619508@~【业务名称：】校讯通@~【订购时间：】2010年12月@~【学校名称：】7542|永康市龙川学校初中部 永康艳铭通讯器材有限公司 初二(5)班 黄宇翔 @~【用户的诉求：】用户反映从办理后校讯通短信接收不到，如今天早上到校信息，请核实处理。@~【有效的联系电话及联系：】13588619508黄加彪,2011-01-08 10:24:25,2011-01-09 10:24:25,超时  
 
 
 2011-02-16 11:47:08,329 -- 没找到对应的电话号码  ---  详细：13735321046,神州行本地,【手机号码：】13735321046@~【用户的诉求：】用户来电反映自己已经取消校讯通业务，为什么还会接收到相关的短信，而且不是自己小孩子的信息，请后台帮忙核实处理，谢谢！@~【有效的联系电话及联系人：】13735321046  钱小姐,2011-02-15 22:05:55,2011-02-16 20:00:00,紧急  
 
 
 2011-02-16 11:47:08,347 -- 没找到对应的电话号码  ---  详细：13566237222,神州行本地,【受理号码：】13566237222@~【业务名称：】校讯通@~【订购时间：】无@~【学校名称：】10657061006243048111@~【用户的诉求：】该用户来电反映本手机没有开通校讯通但是一直收到相关信息要求屏蔽。@~【有效的联系电话及联系：】13566237222、先生,2011-02-15 22:03:00,2011-02-16 20:00:00,紧急  
 
 
 2011-02-16 11:47:08,353 -- 没找到对应的电话号码  ---  详细：13958918708,神州行本地,【受理号码：】13958918708@~【业务名称：】校讯通@~【订购时间：】温州建设小学 温州金鹰智能工程有限公司 五(1)班 叶F洁 @~【学校名称：】@~【用户的诉求：】客户表示自己校讯通业务13958918708一直是作为接受校讯通号码但是目前此号码接收不到短信，我方也未查询到下发记录，另外13905776565这个号码作为计费号码的，但是现在收到短信，客户要求核实处理！@~【有效的联系电话及联系：】13958918708,2011-02-15 21:13:40,2011-02-16 20:00:00,紧急  
 
 
 2011-02-16 11:47:08,357 -- 没找到对应的电话号码  ---  详细：13968756795,全球通,【受理号码：】13968756795@~【业务名称：】校讯通@~【订购时间：】2011-01-18 16:03:58@~【学校名称：】乐清乐成二中  初三(6)班 吴晨峰 @~【用户的诉求：】用户投诉自己没有填写过受理单，而且之前也已经取消过了又被开通，要求核实开通原因，请协助处理 @~【有效的联系电话及联系：】13968756795  吴近军,2011-02-15 19:18:26,2011-02-16 15:18:26,紧急  
 
 
 2011-02-16 11:47:08,362 -- 没找到对应的电话号码  ---  详细：13566425996,动感地带,【受理号码：】13566425996@~【业务名称：】校讯通@~【订购时间：】@~【学校名称：】2199|路桥区蓬街小学 浙江三维网络技术有限公司 小一(1)班 罗伟嘉     @~117697892480 13566425996 13566425996  校讯通一类套餐B2[免费] 2011-02-14 15:05 否 是 未同步  @~ 【用户的诉求：】用户反映校讯通已经取消，现在还是收到信息，我方查询2月14号有重新开通的记录未同步，烦请屏蔽以后不要再开通，谢谢！@~【有效的联系电话及联系：】13566425996 黄超群,2011-02-15 16:58:26,2011-02-16 16:58:26,紧急  
 
 
 2011-02-16 11:47:08,366 -- 没找到对应的电话号码  ---  详细：13587114612,神州行本地,【受理号码：】13587114612@~【业务名称：】校讯通一类套餐B2@~【订购时间：】20101123@~【学校名称：】客户无法提供@~【用户的诉求：】客户来电反映自己家里并没有小孩在上学，在去年却开通了一个校讯通，且还扣取费用，客户对此不满，要求有关工作人员核实此情况，并尽快回复！@~【有效的联系电话及联系：】13587114612/女士,2011-02-15 16:14:22,2011-02-16 16:14:22,紧急  
 
 
 2011-02-16 11:47:08,371 -- 没找到对应的电话号码  ---  详细：13867656532,神州行本地,【受理号码：】13867656532@~【业务名称：】校讯通@~【订购时间：】\@~【学校名称：】临海市白水洋镇店前小学@~【用户的诉求：】用户已取消校讯通但还是收到10657061011889999短信，用户要求屏蔽，请协助处理 谢谢@~【有效的联系电话及联系：】13867656532  朱银辉,2011-02-15 15:40:45,2011-02-16 15:40:45,紧急  
 
 
 2011-02-16 11:47:08,375 -- 没找到对应的电话号码  ---  详细：13588025709,神州行本地,【手机号码：】13588025709@~【用户的诉求：】客户反映校讯通业务是和13588180192这个号码一起开的，但是学校说只收其中一个号码的费用，现在却两个号码都在收费，请尽快核实@~【有效的联系电话及联系人：】13588025709,2011-02-15 12:39:42,2011-02-16 12:00:00,紧急  
 
 
 2011-02-16 11:47:08,380 -- 没找到对应的电话号码  ---  详细：13586122607,神州行本地,【受理号码：】13586122607@~【业务名称：】校讯通@~【订购时间：】无法提供@~【学校名称：】芦浦小学@~【用户的诉求：】用户来电反映从去年12月开始经常收到该学校的校讯通短信，但自己没有孩子在该学校，要求我公司取消，请协助处理。@~【有效的联系电话及联系：】13586122607  小姐,2011-02-15 12:33:08,2011-02-16 12:00:00,紧急  
 
 
 2011-02-16 11:47:08,384 -- 没找到对应的电话号码  ---  详细：13456498838,VIP客户,【受理号码：】13456498838@~【业务名称：】校讯通@~【订购时间：】无@~【学校名称：】台州市椒江区永安小学 浙江三维网络技术有限公司 初三(1)班 王川 ，台州市椒江区永安小学 浙江三维网络技术有限公司 初三(1)班 王欢 @~【用户的诉求：】用户来电表示不需要开通校讯通业务，现查询是免费体验期，请为用户取消，谢谢@~【有效的联系电话及联系：】13456498838王先生,2011-02-14 17:39:52,2011-02-14 19:39:52,超时  
 
 
 2011-02-16 11:47:08,388 -- 没找到对应的电话号码  ---  详细：13957690971,神州行本地,【受理号码：】13957690971@~【问题描述：】我并没有申请加入什么校讯通，不知道怎么的收到讯息，后来打10086查询后取消。但却要支付18元话费的损失，觉得非常不合理，要求给个说法。。。@~【话单记录：】2010.12  校讯通费  9元@~2011.01  校讯通费  9元@~【有效的联系电话：】13957690971@~【有效的联系人：】谢华君,2011-02-14 14:29:58,2011-02-15 14:29:58,超时  
 
 
 2011-02-16 11:47:08,393 -- 没找到对应的电话号码  ---  详细：13706579990,全球通,【受理号码：】13706579990@~【业务名称：】校讯通@~【订购时间：】@~【学校名称：】1958|天台苍山中学 玉环育才网络有限公司 高一(9)班 葛法宝     @~107698444210 13706579990 13706579990  校讯通一类套餐B2[收费] 2011-01-07 10:15 否 否 已退订 @~【用户的诉求：】用户反映校讯通已经取消，但是信息还是收到，要求尽快屏蔽@~【有效的联系电话及联系：】13706579990 陈华,2011-02-14 13:53:15,2011-02-14 20:00:00,超时  
 
 
 2011-02-16 11:47:08,397 -- 没找到对应的电话号码  ---  详细：13616559866,神州行本地,【手机号码：】13616559866@~【用户的诉求：】用户来电要求取消校讯通同步学（小学10元地市版），用户不愿自己操作，请处理，谢谢！@~【有效的联系电话及联系人：】本机 本人,2011-02-11 17:02:52,2011-02-12 17:02:52,超时  
 
 
 2011-02-16 11:47:08,401 -- 没找到对应的电话号码  ---  详细：13738503045,神州行本地,【手机号码：】13738503045@~【用户的诉求：】用户来电表示，要求取消程控里的校讯通副号码套餐1，前台无法办理。请帮忙解决，然后通知用户。@~【有效的联系电话及联系人：】13666875160 先生,2011-02-08 12:26:36,2011-02-09 12:00:00,超时  
 
 
 2011-02-16 11:47:08,406 -- 没找到对应的电话号码  ---  详细：13777622177,神州行本地,【受理号码：】13777622177@~【业务名称：】校讯通@~【订购时间：】2010-12-22 10:54:42@~【学校名称：】无法提供@~【用户的诉求：】用户来电反映这个号码无故办理校讯通，请帮忙核实，谢谢@~【有效的联系电话及联系：】13757666636 先生,2011-02-07 12:51:33,2011-02-08 12:00:00,超时  
 
 
 2011-02-16 11:47:08,412 -- 没找到对应的电话号码  ---  详细：13586038520,神州行本地,【受理号码：】13586038520@~【业务名称：】校讯通@~【订购时间：】无@~【学校名称：】峰江小学一二班班主任@~【用户的诉求：】用户来电表示自己是峰江小学一二班班主任，要求查询自己校讯通卡的积分，请处理@~【有效的联系电话及联系：】13586038520应女士,2011-02-05 11:09:09,2011-02-06 11:09:09,超时  
 
 
 2011-02-16 11:47:08,417 -- 没找到对应的电话号码  ---  详细：15967060067,神州行本地,【受理号码：】15967060067@~【业务名称：】校讯通@~【订购时间：】/@~【学校名称：】6288|临海市白水洋中学 玉环育才网络有限公司 初一(6)班 朱益民 @~【用户的诉求：】用户的校讯通已经取消掉了，但是现在还是会收到短信，要求屏蔽，谢谢！@~【有效的联系电话及联系：】15967060067，先生,2011-02-04 17:39:42,2011-02-05 17:39:42,超时  
 
 
 2011-02-16 11:47:08,421 -- 没找到对应的电话号码  ---  详细：13857558039,神州行本地,【受理号码：】13857558039@~【业务名称：】校讯通@~【订购时间：】/@~【学校名称：】上虞市梁湖镇小@~【用户的诉求：】用户是学校的管理员，表示自己校讯通平台使用方面有问题，短信后面的签名要修改，请尽快处理回复，谢谢！@~【有效的联系电话及联系：】13857558039，先生,2011-02-02 22:16:17,2011-02-03 20:00:00,超时  
 
 
 2011-02-16 11:47:08,425 -- 没找到对应的电话号码  ---  详细：13511200295,动感地带,【手机号码：】13511200295@~【用户的诉求：】用户来电查询到2月份自己的校讯通还是扣费的，但是当初办理时说明寒暑假是免费，请核实处理，谢谢@~【有效的联系电话及联系人：】13511200295 先生,2011-02-02 14:09:28,2011-02-03 14:09:28,超时  
 
 
 2011-02-16 11:47:08,430 -- 没找到对应的电话号码  ---  详细：15968640116,动感地带,【受理号码：】15968640116@~【业务名称：】校讯通业务@~【订购时间：】无@~【学校名称：】天台平桥学校@~【用户的诉求：】用户来电没有订制校讯通但有收到校讯通的短信，要求屏蔽请处理@~【有效的联系电话及联系：】15968640116干小姐,2011-02-02 13:39:07,2011-02-03 12:00:00,超时  
 
 
 2011-02-16 11:47:08,434 -- 没找到对应的电话号码  ---  详细：13967636858,全球通,【受理号码：】13967636858@~【业务名称：校讯通@~【订购时间：】无@~【学校名称：】2226|芦蒲小学 玉环育才网络有限公司 小五(1)班 高慧敏    @~100799113434 13967636858 13967636858 @~【用户的诉求：】客户表示自己不认识此小孩经常收到10657061011889999短信下发请协助屏蔽@~【有效的联系电话及联系：】13967636858,2011-02-02 10:19:01,2011-02-02 18:19:01,超时  
 
 
 2011-02-16 11:47:08,439 -- 没找到对应的电话号码  ---  详细：15858642103,神州行本地,【受理号码：】15858642103@~【业务名称：】校讯通@~【订购时间：】用户无法提供@~【学校名称：】台州市平镇平桥中学@~【用户的诉求：】用户来电反映取消了校讯通还是有短信发给用户,连续很长时间了,用户要求屏蔽,请后台处理,谢谢@~【有效的联系电话及联系：】本机先生,2011-02-01 09:14:25,2011-02-02 09:14:25,超时  
 
 
 2011-02-16 11:47:08,443 -- 没找到对应的电话号码  ---  详细：15057024659,神州行本地,【受理号码：】15057024659@~【业务名称：校讯通@~【订购时间：】@~【学校名称：】卢浦小学@~【用户的诉求：】反映没有订制,但有收到校讯通短信,要求取消.@~【有效的联系电话及联系：】本机.小姐,2011-01-31 10:36:38,2011-02-01 10:36:38,超时  
 
 
 2011-02-16 11:47:08,447 -- 没找到对应的电话号码  ---  详细：15988914596,神州行本地,【受理号码：】15988914596@~【业务名称：】校讯通@~【订购时间：】@~【学校名称：】7622|教育-浙江省天台平桥中学 玉环育才网络有限公司 高三(1)班 张赞 @~【用户的诉求：】业务已取消，但是代码为：10657061011889999短信，仍然下发，请帮助屏蔽@~【有效的联系电话及联系：】15988914596,2011-01-29 17:16:50,2011-01-30 17:16:50,超时  
 
 
 2011-02-16 11:47:08,451 -- 没找到对应的电话号码  ---  详细：13566651923,神州行本地,【受理号码：】13566651923@~【业务名称：】校讯通@~【订购时间：】已取消@~【学校名称：】7622|教育-浙江省天台平桥中学 玉环育才网络有限公司 高二(13)班 庞佳妮     107698123774 13566651923 13566651923  校讯通一类套餐A[收费] 2011-01-02 12:32 否 否 已退订  @~【用户的诉求：】用户反映校讯通已取消仍收到信息，要求屏蔽，代码10657061011889999。@~【有效的联系电话及联系：】13566651923  庞邦瑞,2011-01-27 13:02:06,2011-01-28 12:00:00,超时  
 
 
 2011-02-16 11:47:08,455 -- 没找到对应的电话号码  ---  详细：13957067325,神州行本地,【受理号码：】13957067325@~【业务名称：】校讯通@~【订购时间：】/@~【学校名称：】遂昌县新世纪小学@~【用户的诉求：】用户表示自己是学校的老师，校讯通平台换过后登陆上去里面的班级信息不全，2年级到4年级都没有，要求核实处理，谢谢！@~【有效的联系电话及联系：】13957067325，小姐,2011-01-27 10:21:10,2011-01-28 10:21:10,超时  
 
 
 2011-02-16 11:47:08,459 -- 没找到对应的电话号码  ---  详细：13738367980,动感地带,【受理号码：】13738367980@~【业务名称：】校讯通@~【订购时间：】无@~【学校名称：】沙城镇中学@~【用户的诉求：】用户反映现在登陆校讯通平台，发现学校的名字错了，现在平台中显示的是：沙城镇高级中学，用户所在学校应该是：沙城镇中学，这样造成用户的使用权限不对，无法正常使用，要求更改，请处理，谢谢。账号：wzlinlihua21。@~【有效的联系电话及联系：】13738367980林小姐,2011-01-25 21:03:37,2011-01-26 20:00:00,超时  
 
 
 2011-02-16 11:47:08,463 -- 没找到对应的电话号码  ---  详细：15158993239,全球通,【受理号码：】15158993239@~【业务名称：】校讯通@~【订购时间：】2011-01-07 12:09@~【学校名称：】4928|东阳市南马镇中心小学 磐安县东成移动业务服务部 小二(3)班 葛佳瑛 @~【用户的诉求：】用户表示自己在12月份并没有要求开通校讯通，现发现自2010年12月起开始收费，且该业务于2011年1月取消，现仍然帮助开通了为免费试用户记录。用户首先表示自己并没有开过，另一直以来没有收到短信，请您处理查询原因，谢谢 @~【有效的联系电话及联系：】15158993239葛先生,2011-01-24 20:00:27,2011-01-25 16:00:00,超时  
 
 
 2011-02-16 11:47:08,469 -- 没找到对应的电话号码  ---  详细：13665729786,神州行本地,【受理号码：】13665729786@~【业务名称：】校讯通一类套餐B2@~【订购时间：】2010.11.30@~【学校名称：】第五实验中学@~【用户的诉求：】用户来电反映校讯通短信收到内容空白，其他短信接收正常，态度强烈要求我方进行处理，请核实处理，谢谢！@~【有效的联系电话及联系：】本人本机,2011-01-24 17:47:25,2011-01-25 17:47:25,超时  
 
 
 2011-02-16 11:47:08,474 -- 没找到对应的电话号码  ---  详细：13968023041,神州行本地,【受理号码：】13968023041@~【业务名称：】校讯通@~【订购时间：】\@~【学校名称：】江南学前教育集团 小A班  @~【用户的诉求：】用户是学校老师，名字是：骆晓清 现在校讯通用户名和密码忘记了，请协助处理 谢谢 @~【有效的联系电话及联系：】13968023041  骆晓清,2011-01-24 14:22:28,2011-01-25 14:22:28,超时  
 
 
 2011-02-16 11:47:08,479 -- 没找到对应的电话号码  ---  详细：15857625422,神州行本地,【受理号码：】15857625422@~【业务名称：】校讯通一类套餐B2@~【订购时间：】2010-10-29 09:15:49@~【学校名称：】无@~【用户的诉求：】用户来电反映自己没有开通过校讯通，但无故开通了校讯通，用户要求取消，并给以退费，前台解释无效，请核实处理。@~【有效的联系电话及联系：】15267239529小姐,2011-01-23 22:48:53,2011-01-24 20:00:00,超时  
 
 
 2011-02-16 11:47:08,483 -- 没找到对应的电话号码  ---  详细：13665729524,神州行本地,【受理号码：】13665729524@~【业务名称：】校讯通@~【订购时间：】2010-11-30 21:49:19@~【学校名称：】湖州市第五中学@~【用户的诉求：】用户表示最近几天的校讯通接收都是空白的，没有内容，其他短信正常，整合平台查询下发记录正常：下发成功 10657061722272022 8613665729524 2011-01-23 11:03:54.0，已经建议用户换机测试，请厂家协助核实下发记录是否正常，谢谢！@~@~【有效的联系电话及联系：】13665729524,小姐,2011-01-23 11:50:47,2011-01-24 11:50:47,超时  
 
 
 2011-02-16 11:47:08,488 -- 没找到对应的电话号码  ---  详细：13566863590,神州行本地,【受理号码：】13566863590@~【业务名称：】校讯通@~【订购时间：】2010-11-26@~【学校名称：】白水洋小学@~【用户的诉求：】用户称没经过他同意无故开通校讯通，要求退换话费，挽回他的损失，强烈要求投诉，请帮忙核实，谢谢@~【有效的联系电话及联系：】13566863590  先生,2011-01-22 20:50:31,2011-01-23 20:00:00,超时  
 
 
 2011-02-16 11:47:08,492 -- 没找到对应的电话号码  ---  详细：13566415801,神州行本地,【受理号码：】13566415801@~【业务名称：】校讯通二类套餐B2@~【订购时间：】2010-11-01@~【学校名称：】中山小学@~【用户的诉求：】用户来电反映无故多开通了一个校讯通业务，用户表示自己办理了一个，用户态度强烈要求核实，请帮忙处理，谢谢。@~【有效的联系电话及联系：】本机 小姐,2011-01-18 08:40:44,2011-01-19 08:40:44,超时  
 
 
 2011-02-16 11:47:08,496 -- 没找到对应的电话号码  ---  详细：13588619508,神州行本地,【受理号码：】13588619508@~【业务名称：】校讯通@~【订购时间：】2010年12月@~【学校名称：】7542|永康市龙川学校初中部 永康艳铭通讯器材有限公司 初二(5)班 黄宇翔 @~【用户的诉求：】用户反映从办理后校讯通短信接收不到，如今天早上到校信息，请核实处理。@~【有效的联系电话及联系：】13588619508黄加彪,2011-01-08 10:24:25,2011-01-09 10:24:25,超时  
 
 
 2011-02-16 11:47:17,395 -- 没找到对应的电话号码  ---  详细：13735321046,神州行本地,【手机号码：】13735321046@~【用户的诉求：】用户来电反映自己已经取消校讯通业务，为什么还会接收到相关的短信，而且不是自己小孩子的信息，请后台帮忙核实处理，谢谢！@~【有效的联系电话及联系人：】13735321046  钱小姐,2011-02-15 22:05:55,2011-02-16 20:00:00,紧急  
 
 
 2011-02-16 11:47:17,399 -- 没找到对应的电话号码  ---  详细：13566237222,神州行本地,【受理号码：】13566237222@~【业务名称：】校讯通@~【订购时间：】无@~【学校名称：】10657061006243048111@~【用户的诉求：】该用户来电反映本手机没有开通校讯通但是一直收到相关信息要求屏蔽。@~【有效的联系电话及联系：】13566237222、先生,2011-02-15 22:03:00,2011-02-16 20:00:00,紧急  
 
 
 2011-02-16 11:47:17,404 -- 没找到对应的电话号码  ---  详细：13958918708,神州行本地,【受理号码：】13958918708@~【业务名称：】校讯通@~【订购时间：】温州建设小学 温州金鹰智能工程有限公司 五(1)班 叶F洁 @~【学校名称：】@~【用户的诉求：】客户表示自己校讯通业务13958918708一直是作为接受校讯通号码但是目前此号码接收不到短信，我方也未查询到下发记录，另外13905776565这个号码作为计费号码的，但是现在收到短信，客户要求核实处理！@~【有效的联系电话及联系：】13958918708,2011-02-15 21:13:40,2011-02-16 20:00:00,紧急  
 
 
 2011-02-16 11:47:17,408 -- 没找到对应的电话号码  ---  详细：13968756795,全球通,【受理号码：】13968756795@~【业务名称：】校讯通@~【订购时间：】2011-01-18 16:03:58@~【学校名称：】乐清乐成二中  初三(6)班 吴晨峰 @~【用户的诉求：】用户投诉自己没有填写过受理单，而且之前也已经取消过了又被开通，要求核实开通原因，请协助处理 @~【有效的联系电话及联系：】13968756795  吴近军,2011-02-15 19:18:26,2011-02-16 15:18:26,紧急  
 
 
 2011-02-16 11:47:17,413 -- 没找到对应的电话号码  ---  详细：13566425996,动感地带,【受理号码：】13566425996@~【业务名称：】校讯通@~【订购时间：】@~【学校名称：】2199|路桥区蓬街小学 浙江三维网络技术有限公司 小一(1)班 罗伟嘉     @~117697892480 13566425996 13566425996  校讯通一类套餐B2[免费] 2011-02-14 15:05 否 是 未同步  @~ 【用户的诉求：】用户反映校讯通已经取消，现在还是收到信息，我方查询2月14号有重新开通的记录未同步，烦请屏蔽以后不要再开通，谢谢！@~【有效的联系电话及联系：】13566425996 黄超群,2011-02-15 16:58:26,2011-02-16 16:58:26,紧急  
 
 
 2011-02-16 11:47:17,418 -- 没找到对应的电话号码  ---  详细：13587114612,神州行本地,【受理号码：】13587114612@~【业务名称：】校讯通一类套餐B2@~【订购时间：】20101123@~【学校名称：】客户无法提供@~【用户的诉求：】客户来电反映自己家里并没有小孩在上学，在去年却开通了一个校讯通，且还扣取费用，客户对此不满，要求有关工作人员核实此情况，并尽快回复！@~【有效的联系电话及联系：】13587114612/女士,2011-02-15 16:14:22,2011-02-16 16:14:22,紧急  
 
 
 2011-02-16 11:47:17,423 -- 没找到对应的电话号码  ---  详细：13867656532,神州行本地,【受理号码：】13867656532@~【业务名称：】校讯通@~【订购时间：】\@~【学校名称：】临海市白水洋镇店前小学@~【用户的诉求：】用户已取消校讯通但还是收到10657061011889999短信，用户要求屏蔽，请协助处理 谢谢@~【有效的联系电话及联系：】13867656532  朱银辉,2011-02-15 15:40:45,2011-02-16 15:40:45,紧急  
 
 
 2011-02-16 11:47:17,427 -- 没找到对应的电话号码  ---  详细：13588025709,神州行本地,【手机号码：】13588025709@~【用户的诉求：】客户反映校讯通业务是和13588180192这个号码一起开的，但是学校说只收其中一个号码的费用，现在却两个号码都在收费，请尽快核实@~【有效的联系电话及联系人：】13588025709,2011-02-15 12:39:42,2011-02-16 12:00:00,紧急  
 
 
 2011-02-16 11:47:17,431 -- 没找到对应的电话号码  ---  详细：13586122607,神州行本地,【受理号码：】13586122607@~【业务名称：】校讯通@~【订购时间：】无法提供@~【学校名称：】芦浦小学@~【用户的诉求：】用户来电反映从去年12月开始经常收到该学校的校讯通短信，但自己没有孩子在该学校，要求我公司取消，请协助处理。@~【有效的联系电话及联系：】13586122607  小姐,2011-02-15 12:33:08,2011-02-16 12:00:00,紧急  
 
 
 2011-02-16 11:47:17,435 -- 没找到对应的电话号码  ---  详细：13456498838,VIP客户,【受理号码：】13456498838@~【业务名称：】校讯通@~【订购时间：】无@~【学校名称：】台州市椒江区永安小学 浙江三维网络技术有限公司 初三(1)班 王川 ，台州市椒江区永安小学 浙江三维网络技术有限公司 初三(1)班 王欢 @~【用户的诉求：】用户来电表示不需要开通校讯通业务，现查询是免费体验期，请为用户取消，谢谢@~【有效的联系电话及联系：】13456498838王先生,2011-02-14 17:39:52,2011-02-14 19:39:52,超时  
 
 
 2011-02-16 11:47:17,441 -- 没找到对应的电话号码  ---  详细：13957690971,神州行本地,【受理号码：】13957690971@~【问题描述：】我并没有申请加入什么校讯通，不知道怎么的收到讯息，后来打10086查询后取消。但却要支付18元话费的损失，觉得非常不合理，要求给个说法。。。@~【话单记录：】2010.12  校讯通费  9元@~2011.01  校讯通费  9元@~【有效的联系电话：】13957690971@~【有效的联系人：】谢华君,2011-02-14 14:29:58,2011-02-15 14:29:58,超时  
 
 
 2011-02-16 11:47:17,445 -- 没找到对应的电话号码  ---  详细：13706579990,全球通,【受理号码：】13706579990@~【业务名称：】校讯通@~【订购时间：】@~【学校名称：】1958|天台苍山中学 玉环育才网络有限公司 高一(9)班 葛法宝     @~107698444210 13706579990 13706579990  校讯通一类套餐B2[收费] 2011-01-07 10:15 否 否 已退订 @~【用户的诉求：】用户反映校讯通已经取消，但是信息还是收到，要求尽快屏蔽@~【有效的联系电话及联系：】13706579990 陈华,2011-02-14 13:53:15,2011-02-14 20:00:00,超时  
 
 
 2011-02-16 11:47:17,449 -- 没找到对应的电话号码  ---  详细：13616559866,神州行本地,【手机号码：】13616559866@~【用户的诉求：】用户来电要求取消校讯通同步学（小学10元地市版），用户不愿自己操作，请处理，谢谢！@~【有效的联系电话及联系人：】本机 本人,2011-02-11 17:02:52,2011-02-12 17:02:52,超时  
 
 
 2011-02-16 11:47:17,454 -- 没找到对应的电话号码  ---  详细：13738503045,神州行本地,【手机号码：】13738503045@~【用户的诉求：】用户来电表示，要求取消程控里的校讯通副号码套餐1，前台无法办理。请帮忙解决，然后通知用户。@~【有效的联系电话及联系人：】13666875160 先生,2011-02-08 12:26:36,2011-02-09 12:00:00,超时  
 
 
 2011-02-16 11:47:17,458 -- 没找到对应的电话号码  ---  详细：13777622177,神州行本地,【受理号码：】13777622177@~【业务名称：】校讯通@~【订购时间：】2010-12-22 10:54:42@~【学校名称：】无法提供@~【用户的诉求：】用户来电反映这个号码无故办理校讯通，请帮忙核实，谢谢@~【有效的联系电话及联系：】13757666636 先生,2011-02-07 12:51:33,2011-02-08 12:00:00,超时  
 
 
 2011-02-16 11:47:17,463 -- 没找到对应的电话号码  ---  详细：13586038520,神州行本地,【受理号码：】13586038520@~【业务名称：】校讯通@~【订购时间：】无@~【学校名称：】峰江小学一二班班主任@~【用户的诉求：】用户来电表示自己是峰江小学一二班班主任，要求查询自己校讯通卡的积分，请处理@~【有效的联系电话及联系：】13586038520应女士,2011-02-05 11:09:09,2011-02-06 11:09:09,超时  
 
 
 2011-02-16 11:47:17,467 -- 没找到对应的电话号码  ---  详细：15967060067,神州行本地,【受理号码：】15967060067@~【业务名称：】校讯通@~【订购时间：】/@~【学校名称：】6288|临海市白水洋中学 玉环育才网络有限公司 初一(6)班 朱益民 @~【用户的诉求：】用户的校讯通已经取消掉了，但是现在还是会收到短信，要求屏蔽，谢谢！@~【有效的联系电话及联系：】15967060067，先生,2011-02-04 17:39:42,2011-02-05 17:39:42,超时  
 
 
 2011-02-16 11:47:17,472 -- 没找到对应的电话号码  ---  详细：13857558039,神州行本地,【受理号码：】13857558039@~【业务名称：】校讯通@~【订购时间：】/@~【学校名称：】上虞市梁湖镇小@~【用户的诉求：】用户是学校的管理员，表示自己校讯通平台使用方面有问题，短信后面的签名要修改，请尽快处理回复，谢谢！@~【有效的联系电话及联系：】13857558039，先生,2011-02-02 22:16:17,2011-02-03 20:00:00,超时  
 
 
 2011-02-16 11:47:17,476 -- 没找到对应的电话号码  ---  详细：13511200295,动感地带,【手机号码：】13511200295@~【用户的诉求：】用户来电查询到2月份自己的校讯通还是扣费的，但是当初办理时说明寒暑假是免费，请核实处理，谢谢@~【有效的联系电话及联系人：】13511200295 先生,2011-02-02 14:09:28,2011-02-03 14:09:28,超时  
 
 
 2011-02-16 11:47:17,481 -- 没找到对应的电话号码  ---  详细：15968640116,动感地带,【受理号码：】15968640116@~【业务名称：】校讯通业务@~【订购时间：】无@~【学校名称：】天台平桥学校@~【用户的诉求：】用户来电没有订制校讯通但有收到校讯通的短信，要求屏蔽请处理@~【有效的联系电话及联系：】15968640116干小姐,2011-02-02 13:39:07,2011-02-03 12:00:00,超时  
 
 
 2011-02-16 11:47:17,486 -- 没找到对应的电话号码  ---  详细：13967636858,全球通,【受理号码：】13967636858@~【业务名称：校讯通@~【订购时间：】无@~【学校名称：】2226|芦蒲小学 玉环育才网络有限公司 小五(1)班 高慧敏    @~100799113434 13967636858 13967636858 @~【用户的诉求：】客户表示自己不认识此小孩经常收到10657061011889999短信下发请协助屏蔽@~【有效的联系电话及联系：】13967636858,2011-02-02 10:19:01,2011-02-02 18:19:01,超时  
 
 
 2011-02-16 11:47:17,491 -- 没找到对应的电话号码  ---  详细：15858642103,神州行本地,【受理号码：】15858642103@~【业务名称：】校讯通@~【订购时间：】用户无法提供@~【学校名称：】台州市平镇平桥中学@~【用户的诉求：】用户来电反映取消了校讯通还是有短信发给用户,连续很长时间了,用户要求屏蔽,请后台处理,谢谢@~【有效的联系电话及联系：】本机先生,2011-02-01 09:14:25,2011-02-02 09:14:25,超时  
 
 
 2011-02-16 11:47:17,495 -- 没找到对应的电话号码  ---  详细：15057024659,神州行本地,【受理号码：】15057024659@~【业务名称：校讯通@~【订购时间：】@~【学校名称：】卢浦小学@~【用户的诉求：】反映没有订制,但有收到校讯通短信,要求取消.@~【有效的联系电话及联系：】本机.小姐,2011-01-31 10:36:38,2011-02-01 10:36:38,超时  
 
 
 2011-02-16 11:47:17,500 -- 没找到对应的电话号码  ---  详细：15988914596,神州行本地,【受理号码：】15988914596@~【业务名称：】校讯通@~【订购时间：】@~【学校名称：】7622|教育-浙江省天台平桥中学 玉环育才网络有限公司 高三(1)班 张赞 @~【用户的诉求：】业务已取消，但是代码为：10657061011889999短信，仍然下发，请帮助屏蔽@~【有效的联系电话及联系：】15988914596,2011-01-29 17:16:50,2011-01-30 17:16:50,超时  
 
 
 2011-02-16 11:47:17,504 -- 没找到对应的电话号码  ---  详细：13566651923,神州行本地,【受理号码：】13566651923@~【业务名称：】校讯通@~【订购时间：】已取消@~【学校名称：】7622|教育-浙江省天台平桥中学 玉环育才网络有限公司 高二(13)班 庞佳妮     107698123774 13566651923 13566651923  校讯通一类套餐A[收费] 2011-01-02 12:32 否 否 已退订  @~【用户的诉求：】用户反映校讯通已取消仍收到信息，要求屏蔽，代码10657061011889999。@~【有效的联系电话及联系：】13566651923  庞邦瑞,2011-01-27 13:02:06,2011-01-28 12:00:00,超时  
 
 
 2011-02-16 11:47:17,509 -- 没找到对应的电话号码  ---  详细：13957067325,神州行本地,【受理号码：】13957067325@~【业务名称：】校讯通@~【订购时间：】/@~【学校名称：】遂昌县新世纪小学@~【用户的诉求：】用户表示自己是学校的老师，校讯通平台换过后登陆上去里面的班级信息不全，2年级到4年级都没有，要求核实处理，谢谢！@~【有效的联系电话及联系：】13957067325，小姐,2011-01-27 10:21:10,2011-01-28 10:21:10,超时  
 
 
 2011-02-16 11:47:17,514 -- 没找到对应的电话号码  ---  详细：13738367980,动感地带,【受理号码：】13738367980@~【业务名称：】校讯通@~【订购时间：】无@~【学校名称：】沙城镇中学@~【用户的诉求：】用户反映现在登陆校讯通平台，发现学校的名字错了，现在平台中显示的是：沙城镇高级中学，用户所在学校应该是：沙城镇中学，这样造成用户的使用权限不对，无法正常使用，要求更改，请处理，谢谢。账号：wzlinlihua21。@~【有效的联系电话及联系：】13738367980林小姐,2011-01-25 21:03:37,2011-01-26 20:00:00,超时  
 
 
 2011-02-16 11:47:17,518 -- 没找到对应的电话号码  ---  详细：15158993239,全球通,【受理号码：】15158993239@~【业务名称：】校讯通@~【订购时间：】2011-01-07 12:09@~【学校名称：】4928|东阳市南马镇中心小学 磐安县东成移动业务服务部 小二(3)班 葛佳瑛 @~【用户的诉求：】用户表示自己在12月份并没有要求开通校讯通，现发现自2010年12月起开始收费，且该业务于2011年1月取消，现仍然帮助开通了为免费试用户记录。用户首先表示自己并没有开过，另一直以来没有收到短信，请您处理查询原因，谢谢 @~【有效的联系电话及联系：】15158993239葛先生,2011-01-24 20:00:27,2011-01-25 16:00:00,超时  
 
 
 2011-02-16 11:47:17,523 -- 没找到对应的电话号码  ---  详细：13665729786,神州行本地,【受理号码：】13665729786@~【业务名称：】校讯通一类套餐B2@~【订购时间：】2010.11.30@~【学校名称：】第五实验中学@~【用户的诉求：】用户来电反映校讯通短信收到内容空白，其他短信接收正常，态度强烈要求我方进行处理，请核实处理，谢谢！@~【有效的联系电话及联系：】本人本机,2011-01-24 17:47:25,2011-01-25 17:47:25,超时  
 
 
 2011-02-16 11:47:17,527 -- 没找到对应的电话号码  ---  详细：13968023041,神州行本地,【受理号码：】13968023041@~【业务名称：】校讯通@~【订购时间：】\@~【学校名称：】江南学前教育集团 小A班  @~【用户的诉求：】用户是学校老师，名字是：骆晓清 现在校讯通用户名和密码忘记了，请协助处理 谢谢 @~【有效的联系电话及联系：】13968023041  骆晓清,2011-01-24 14:22:28,2011-01-25 14:22:28,超时  
 
 
 2011-02-16 11:47:17,532 -- 没找到对应的电话号码  ---  详细：15857625422,神州行本地,【受理号码：】15857625422@~【业务名称：】校讯通一类套餐B2@~【订购时间：】2010-10-29 09:15:49@~【学校名称：】无@~【用户的诉求：】用户来电反映自己没有开通过校讯通，但无故开通了校讯通，用户要求取消，并给以退费，前台解释无效，请核实处理。@~【有效的联系电话及联系：】15267239529小姐,2011-01-23 22:48:53,2011-01-24 20:00:00,超时  
 
 
 2011-02-16 11:47:17,536 -- 没找到对应的电话号码  ---  详细：13665729524,神州行本地,【受理号码：】13665729524@~【业务名称：】校讯通@~【订购时间：】2010-11-30 21:49:19@~【学校名称：】湖州市第五中学@~【用户的诉求：】用户表示最近几天的校讯通接收都是空白的，没有内容，其他短信正常，整合平台查询下发记录正常：下发成功 10657061722272022 8613665729524 2011-01-23 11:03:54.0，已经建议用户换机测试，请厂家协助核实下发记录是否正常，谢谢！@~@~【有效的联系电话及联系：】13665729524,小姐,2011-01-23 11:50:47,2011-01-24 11:50:47,超时  
 
 
 2011-02-16 11:47:17,541 -- 没找到对应的电话号码  ---  详细：13566863590,神州行本地,【受理号码：】13566863590@~【业务名称：】校讯通@~【订购时间：】2010-11-26@~【学校名称：】白水洋小学@~【用户的诉求：】用户称没经过他同意无故开通校讯通，要求退换话费，挽回他的损失，强烈要求投诉，请帮忙核实，谢谢@~【有效的联系电话及联系：】13566863590  先生,2011-01-22 20:50:31,2011-01-23 20:00:00,超时  
 
 
 2011-02-16 11:47:17,545 -- 没找到对应的电话号码  ---  详细：13566415801,神州行本地,【受理号码：】13566415801@~【业务名称：】校讯通二类套餐B2@~【订购时间：】2010-11-01@~【学校名称：】中山小学@~【用户的诉求：】用户来电反映无故多开通了一个校讯通业务，用户表示自己办理了一个，用户态度强烈要求核实，请帮忙处理，谢谢。@~【有效的联系电话及联系：】本机 小姐,2011-01-18 08:40:44,2011-01-19 08:40:44,超时  
 
 
 2011-02-16 11:47:17,551 -- 没找到对应的电话号码  ---  详细：13588619508,神州行本地,【受理号码：】13588619508@~【业务名称：】校讯通@~【订购时间：】2010年12月@~【学校名称：】7542|永康市龙川学校初中部 永康艳铭通讯器材有限公司 初二(5)班 黄宇翔 @~【用户的诉求：】用户反映从办理后校讯通短信接收不到，如今天早上到校信息，请核实处理。@~【有效的联系电话及联系：】13588619508黄加彪,2011-01-08 10:24:25,2011-01-09 10:24:25,超时  
 
 
 2011-02-16 11:47:26,767 -- 没找到对应的电话号码  ---  详细：13735321046,神州行本地,【手机号码：】13735321046@~【用户的诉求：】用户来电反映自己已经取消校讯通业务，为什么还会接收到相关的短信，而且不是自己小孩子的信息，请后台帮忙核实处理，谢谢！@~【有效的联系电话及联系人：】13735321046  钱小姐,2011-02-15 22:05:55,2011-02-16 20:00:00,紧急  
 
 
 2011-02-16 11:47:26,771 -- 没找到对应的电话号码  ---  详细：13566237222,神州行本地,【受理号码：】13566237222@~【业务名称：】校讯通@~【订购时间：】无@~【学校名称：】10657061006243048111@~【用户的诉求：】该用户来电反映本手机没有开通校讯通但是一直收到相关信息要求屏蔽。@~【有效的联系电话及联系：】13566237222、先生,2011-02-15 22:03:00,2011-02-16 20:00:00,紧急  
 
 
 2011-02-16 11:47:26,776 -- 没找到对应的电话号码  ---  详细：13958918708,神州行本地,【受理号码：】13958918708@~【业务名称：】校讯通@~【订购时间：】温州建设小学 温州金鹰智能工程有限公司 五(1)班 叶F洁 @~【学校名称：】@~【用户的诉求：】客户表示自己校讯通业务13958918708一直是作为接受校讯通号码但是目前此号码接收不到短信，我方也未查询到下发记录，另外13905776565这个号码作为计费号码的，但是现在收到短信，客户要求核实处理！@~【有效的联系电话及联系：】13958918708,2011-02-15 21:13:40,2011-02-16 20:00:00,紧急  
 
 
 2011-02-16 11:47:26,783 -- 没找到对应的电话号码  ---  详细：13968756795,全球通,【受理号码：】13968756795@~【业务名称：】校讯通@~【订购时间：】2011-01-18 16:03:58@~【学校名称：】乐清乐成二中  初三(6)班 吴晨峰 @~【用户的诉求：】用户投诉自己没有填写过受理单，而且之前也已经取消过了又被开通，要求核实开通原因，请协助处理 @~【有效的联系电话及联系：】13968756795  吴近军,2011-02-15 19:18:26,2011-02-16 15:18:26,紧急  
 
 
 2011-02-16 11:47:26,787 -- 没找到对应的电话号码  ---  详细：13566425996,动感地带,【受理号码：】13566425996@~【业务名称：】校讯通@~【订购时间：】@~【学校名称：】2199|路桥区蓬街小学 浙江三维网络技术有限公司 小一(1)班 罗伟嘉     @~117697892480 13566425996 13566425996  校讯通一类套餐B2[免费] 2011-02-14 15:05 否 是 未同步  @~ 【用户的诉求：】用户反映校讯通已经取消，现在还是收到信息，我方查询2月14号有重新开通的记录未同步，烦请屏蔽以后不要再开通，谢谢！@~【有效的联系电话及联系：】13566425996 黄超群,2011-02-15 16:58:26,2011-02-16 16:58:26,紧急  
 
 
 2011-02-16 11:47:26,792 -- 没找到对应的电话号码  ---  详细：13587114612,神州行本地,【受理号码：】13587114612@~【业务名称：】校讯通一类套餐B2@~【订购时间：】20101123@~【学校名称：】客户无法提供@~【用户的诉求：】客户来电反映自己家里并没有小孩在上学，在去年却开通了一个校讯通，且还扣取费用，客户对此不满，要求有关工作人员核实此情况，并尽快回复！@~【有效的联系电话及联系：】13587114612/女士,2011-02-15 16:14:22,2011-02-16 16:14:22,紧急  
 
 
 2011-02-16 11:47:26,796 -- 没找到对应的电话号码  ---  详细：13867656532,神州行本地,【受理号码：】13867656532@~【业务名称：】校讯通@~【订购时间：】\@~【学校名称：】临海市白水洋镇店前小学@~【用户的诉求：】用户已取消校讯通但还是收到10657061011889999短信，用户要求屏蔽，请协助处理 谢谢@~【有效的联系电话及联系：】13867656532  朱银辉,2011-02-15 15:40:45,2011-02-16 15:40:45,紧急  
 
 
 2011-02-16 11:47:26,800 -- 没找到对应的电话号码  ---  详细：13588025709,神州行本地,【手机号码：】13588025709@~【用户的诉求：】客户反映校讯通业务是和13588180192这个号码一起开的，但是学校说只收其中一个号码的费用，现在却两个号码都在收费，请尽快核实@~【有效的联系电话及联系人：】13588025709,2011-02-15 12:39:42,2011-02-16 12:00:00,紧急  
 
 
 2011-02-16 11:47:26,805 -- 没找到对应的电话号码  ---  详细：13586122607,神州行本地,【受理号码：】13586122607@~【业务名称：】校讯通@~【订购时间：】无法提供@~【学校名称：】芦浦小学@~【用户的诉求：】用户来电反映从去年12月开始经常收到该学校的校讯通短信，但自己没有孩子在该学校，要求我公司取消，请协助处理。@~【有效的联系电话及联系：】13586122607  小姐,2011-02-15 12:33:08,2011-02-16 12:00:00,紧急  
 
 
 2011-02-16 11:47:26,809 -- 没找到对应的电话号码  ---  详细：13456498838,VIP客户,【受理号码：】13456498838@~【业务名称：】校讯通@~【订购时间：】无@~【学校名称：】台州市椒江区永安小学 浙江三维网络技术有限公司 初三(1)班 王川 ，台州市椒江区永安小学 浙江三维网络技术有限公司 初三(1)班 王欢 @~【用户的诉求：】用户来电表示不需要开通校讯通业务，现查询是免费体验期，请为用户取消，谢谢@~【有效的联系电话及联系：】13456498838王先生,2011-02-14 17:39:52,2011-02-14 19:39:52,超时  
 
 
 2011-02-16 11:47:26,813 -- 没找到对应的电话号码  ---  详细：13957690971,神州行本地,【受理号码：】13957690971@~【问题描述：】我并没有申请加入什么校讯通，不知道怎么的收到讯息，后来打10086查询后取消。但却要支付18元话费的损失，觉得非常不合理，要求给个说法。。。@~【话单记录：】2010.12  校讯通费  9元@~2011.01  校讯通费  9元@~【有效的联系电话：】13957690971@~【有效的联系人：】谢华君,2011-02-14 14:29:58,2011-02-15 14:29:58,超时  
 
 
 2011-02-16 11:47:26,817 -- 没找到对应的电话号码  ---  详细：13706579990,全球通,【受理号码：】13706579990@~【业务名称：】校讯通@~【订购时间：】@~【学校名称：】1958|天台苍山中学 玉环育才网络有限公司 高一(9)班 葛法宝     @~107698444210 13706579990 13706579990  校讯通一类套餐B2[收费] 2011-01-07 10:15 否 否 已退订 @~【用户的诉求：】用户反映校讯通已经取消，但是信息还是收到，要求尽快屏蔽@~【有效的联系电话及联系：】13706579990 陈华,2011-02-14 13:53:15,2011-02-14 20:00:00,超时  
 
 
 2011-02-16 11:47:26,822 -- 没找到对应的电话号码  ---  详细：13616559866,神州行本地,【手机号码：】13616559866@~【用户的诉求：】用户来电要求取消校讯通同步学（小学10元地市版），用户不愿自己操作，请处理，谢谢！@~【有效的联系电话及联系人：】本机 本人,2011-02-11 17:02:52,2011-02-12 17:02:52,超时  
 
 
 2011-02-16 11:47:26,826 -- 没找到对应的电话号码  ---  详细：13738503045,神州行本地,【手机号码：】13738503045@~【用户的诉求：】用户来电表示，要求取消程控里的校讯通副号码套餐1，前台无法办理。请帮忙解决，然后通知用户。@~【有效的联系电话及联系人：】13666875160 先生,2011-02-08 12:26:36,2011-02-09 12:00:00,超时  
 
 
 2011-02-16 11:47:26,829 -- 没找到对应的电话号码  ---  详细：13777622177,神州行本地,【受理号码：】13777622177@~【业务名称：】校讯通@~【订购时间：】2010-12-22 10:54:42@~【学校名称：】无法提供@~【用户的诉求：】用户来电反映这个号码无故办理校讯通，请帮忙核实，谢谢@~【有效的联系电话及联系：】13757666636 先生,2011-02-07 12:51:33,2011-02-08 12:00:00,超时  
 
 
 2011-02-16 11:47:26,834 -- 没找到对应的电话号码  ---  详细：13586038520,神州行本地,【受理号码：】13586038520@~【业务名称：】校讯通@~【订购时间：】无@~【学校名称：】峰江小学一二班班主任@~【用户的诉求：】用户来电表示自己是峰江小学一二班班主任，要求查询自己校讯通卡的积分，请处理@~【有效的联系电话及联系：】13586038520应女士,2011-02-05 11:09:09,2011-02-06 11:09:09,超时  
 
 
 2011-02-16 11:47:26,839 -- 没找到对应的电话号码  ---  详细：15967060067,神州行本地,【受理号码：】15967060067@~【业务名称：】校讯通@~【订购时间：】/@~【学校名称：】6288|临海市白水洋中学 玉环育才网络有限公司 初一(6)班 朱益民 @~【用户的诉求：】用户的校讯通已经取消掉了，但是现在还是会收到短信，要求屏蔽，谢谢！@~【有效的联系电话及联系：】15967060067，先生,2011-02-04 17:39:42,2011-02-05 17:39:42,超时  
 
 
 2011-02-16 11:47:26,844 -- 没找到对应的电话号码  ---  详细：13857558039,神州行本地,【受理号码：】13857558039@~【业务名称：】校讯通@~【订购时间：】/@~【学校名称：】上虞市梁湖镇小@~【用户的诉求：】用户是学校的管理员，表示自己校讯通平台使用方面有问题，短信后面的签名要修改，请尽快处理回复，谢谢！@~【有效的联系电话及联系：】13857558039，先生,2011-02-02 22:16:17,2011-02-03 20:00:00,超时  
 
 
 2011-02-16 11:47:26,848 -- 没找到对应的电话号码  ---  详细：13511200295,动感地带,【手机号码：】13511200295@~【用户的诉求：】用户来电查询到2月份自己的校讯通还是扣费的，但是当初办理时说明寒暑假是免费，请核实处理，谢谢@~【有效的联系电话及联系人：】13511200295 先生,2011-02-02 14:09:28,2011-02-03 14:09:28,超时  
 
 
 2011-02-16 11:47:26,852 -- 没找到对应的电话号码  ---  详细：15968640116,动感地带,【受理号码：】15968640116@~【业务名称：】校讯通业务@~【订购时间：】无@~【学校名称：】天台平桥学校@~【用户的诉求：】用户来电没有订制校讯通但有收到校讯通的短信，要求屏蔽请处理@~【有效的联系电话及联系：】15968640116干小姐,2011-02-02 13:39:07,2011-02-03 12:00:00,超时  
 
 
 2011-02-16 11:47:26,856 -- 没找到对应的电话号码  ---  详细：13967636858,全球通,【受理号码：】13967636858@~【业务名称：校讯通@~【订购时间：】无@~【学校名称：】2226|芦蒲小学 玉环育才网络有限公司 小五(1)班 高慧敏    @~100799113434 13967636858 13967636858 @~【用户的诉求：】客户表示自己不认识此小孩经常收到10657061011889999短信下发请协助屏蔽@~【有效的联系电话及联系：】13967636858,2011-02-02 10:19:01,2011-02-02 18:19:01,超时  
 
 
 2011-02-16 11:47:26,860 -- 没找到对应的电话号码  ---  详细：15858642103,神州行本地,【受理号码：】15858642103@~【业务名称：】校讯通@~【订购时间：】用户无法提供@~【学校名称：】台州市平镇平桥中学@~【用户的诉求：】用户来电反映取消了校讯通还是有短信发给用户,连续很长时间了,用户要求屏蔽,请后台处理,谢谢@~【有效的联系电话及联系：】本机先生,2011-02-01 09:14:25,2011-02-02 09:14:25,超时  
 
 
 2011-02-16 11:47:26,865 -- 没找到对应的电话号码  ---  详细：15057024659,神州行本地,【受理号码：】15057024659@~【业务名称：校讯通@~【订购时间：】@~【学校名称：】卢浦小学@~【用户的诉求：】反映没有订制,但有收到校讯通短信,要求取消.@~【有效的联系电话及联系：】本机.小姐,2011-01-31 10:36:38,2011-02-01 10:36:38,超时  
 
 
 2011-02-16 11:47:26,869 -- 没找到对应的电话号码  ---  详细：15988914596,神州行本地,【受理号码：】15988914596@~【业务名称：】校讯通@~【订购时间：】@~【学校名称：】7622|教育-浙江省天台平桥中学 玉环育才网络有限公司 高三(1)班 张赞 @~【用户的诉求：】业务已取消，但是代码为：10657061011889999短信，仍然下发，请帮助屏蔽@~【有效的联系电话及联系：】15988914596,2011-01-29 17:16:50,2011-01-30 17:16:50,超时  
 
 
 2011-02-16 11:47:26,873 -- 没找到对应的电话号码  ---  详细：13566651923,神州行本地,【受理号码：】13566651923@~【业务名称：】校讯通@~【订购时间：】已取消@~【学校名称：】7622|教育-浙江省天台平桥中学 玉环育才网络有限公司 高二(13)班 庞佳妮     107698123774 13566651923 13566651923  校讯通一类套餐A[收费] 2011-01-02 12:32 否 否 已退订  @~【用户的诉求：】用户反映校讯通已取消仍收到信息，要求屏蔽，代码10657061011889999。@~【有效的联系电话及联系：】13566651923  庞邦瑞,2011-01-27 13:02:06,2011-01-28 12:00:00,超时  
 
 
 2011-02-16 11:47:26,877 -- 没找到对应的电话号码  ---  详细：13957067325,神州行本地,【受理号码：】13957067325@~【业务名称：】校讯通@~【订购时间：】/@~【学校名称：】遂昌县新世纪小学@~【用户的诉求：】用户表示自己是学校的老师，校讯通平台换过后登陆上去里面的班级信息不全，2年级到4年级都没有，要求核实处理，谢谢！@~【有效的联系电话及联系：】13957067325，小姐,2011-01-27 10:21:10,2011-01-28 10:21:10,超时  
 
 
 2011-02-16 11:47:26,883 -- 没找到对应的电话号码  ---  详细：13738367980,动感地带,【受理号码：】13738367980@~【业务名称：】校讯通@~【订购时间：】无@~【学校名称：】沙城镇中学@~【用户的诉求：】用户反映现在登陆校讯通平台，发现学校的名字错了，现在平台中显示的是：沙城镇高级中学，用户所在学校应该是：沙城镇中学，这样造成用户的使用权限不对，无法正常使用，要求更改，请处理，谢谢。账号：wzlinlihua21。@~【有效的联系电话及联系：】13738367980林小姐,2011-01-25 21:03:37,2011-01-26 20:00:00,超时  
 
 
 2011-02-16 11:47:26,888 -- 没找到对应的电话号码  ---  详细：15158993239,全球通,【受理号码：】15158993239@~【业务名称：】校讯通@~【订购时间：】2011-01-07 12:09@~【学校名称：】4928|东阳市南马镇中心小学 磐安县东成移动业务服务部 小二(3)班 葛佳瑛 @~【用户的诉求：】用户表示自己在12月份并没有要求开通校讯通，现发现自2010年12月起开始收费，且该业务于2011年1月取消，现仍然帮助开通了为免费试用户记录。用户首先表示自己并没有开过，另一直以来没有收到短信，请您处理查询原因，谢谢 @~【有效的联系电话及联系：】15158993239葛先生,2011-01-24 20:00:27,2011-01-25 16:00:00,超时  
 
 
 2011-02-16 11:47:26,893 -- 没找到对应的电话号码  ---  详细：13665729786,神州行本地,【受理号码：】13665729786@~【业务名称：】校讯通一类套餐B2@~【订购时间：】2010.11.30@~【学校名称：】第五实验中学@~【用户的诉求：】用户来电反映校讯通短信收到内容空白，其他短信接收正常，态度强烈要求我方进行处理，请核实处理，谢谢！@~【有效的联系电话及联系：】本人本机,2011-01-24 17:47:25,2011-01-25 17:47:25,超时  
 
 
 2011-02-16 11:47:26,898 -- 没找到对应的电话号码  ---  详细：13968023041,神州行本地,【受理号码：】13968023041@~【业务名称：】校讯通@~【订购时间：】\@~【学校名称：】江南学前教育集团 小A班  @~【用户的诉求：】用户是学校老师，名字是：骆晓清 现在校讯通用户名和密码忘记了，请协助处理 谢谢 @~【有效的联系电话及联系：】13968023041  骆晓清,2011-01-24 14:22:28,2011-01-25 14:22:28,超时  
 
 
 2011-02-16 11:47:26,903 -- 没找到对应的电话号码  ---  详细：15857625422,神州行本地,【受理号码：】15857625422@~【业务名称：】校讯通一类套餐B2@~【订购时间：】2010-10-29 09:15:49@~【学校名称：】无@~【用户的诉求：】用户来电反映自己没有开通过校讯通，但无故开通了校讯通，用户要求取消，并给以退费，前台解释无效，请核实处理。@~【有效的联系电话及联系：】15267239529小姐,2011-01-23 22:48:53,2011-01-24 20:00:00,超时  
 
 
 2011-02-16 11:47:26,907 -- 没找到对应的电话号码  ---  详细：13665729524,神州行本地,【受理号码：】13665729524@~【业务名称：】校讯通@~【订购时间：】2010-11-30 21:49:19@~【学校名称：】湖州市第五中学@~【用户的诉求：】用户表示最近几天的校讯通接收都是空白的，没有内容，其他短信正常，整合平台查询下发记录正常：下发成功 10657061722272022 8613665729524 2011-01-23 11:03:54.0，已经建议用户换机测试，请厂家协助核实下发记录是否正常，谢谢！@~@~【有效的联系电话及联系：】13665729524,小姐,2011-01-23 11:50:47,2011-01-24 11:50:47,超时  
 
 
 2011-02-16 11:47:26,912 -- 没找到对应的电话号码  ---  详细：13566863590,神州行本地,【受理号码：】13566863590@~【业务名称：】校讯通@~【订购时间：】2010-11-26@~【学校名称：】白水洋小学@~【用户的诉求：】用户称没经过他同意无故开通校讯通，要求退换话费，挽回他的损失，强烈要求投诉，请帮忙核实，谢谢@~【有效的联系电话及联系：】13566863590  先生,2011-01-22 20:50:31,2011-01-23 20:00:00,超时  
 
 
 2011-02-16 11:47:26,916 -- 没找到对应的电话号码  ---  详细：13566415801,神州行本地,【受理号码：】13566415801@~【业务名称：】校讯通二类套餐B2@~【订购时间：】2010-11-01@~【学校名称：】中山小学@~【用户的诉求：】用户来电反映无故多开通了一个校讯通业务，用户表示自己办理了一个，用户态度强烈要求核实，请帮忙处理，谢谢。@~【有效的联系电话及联系：】本机 小姐,2011-01-18 08:40:44,2011-01-19 08:40:44,超时  
 
 
 2011-02-16 11:47:26,920 -- 没找到对应的电话号码  ---  详细：13588619508,神州行本地,【受理号码：】13588619508@~【业务名称：】校讯通@~【订购时间：】2010年12月@~【学校名称：】7542|永康市龙川学校初中部 永康艳铭通讯器材有限公司 初二(5)班 黄宇翔 @~【用户的诉求：】用户反映从办理后校讯通短信接收不到，如今天早上到校信息，请核实处理。@~【有效的联系电话及联系：】13588619508黄加彪,2011-01-08 10:24:25,2011-01-09 10:24:25,超时  
 
 
 2011-02-16 11:47:36,964 -- 没找到对应的电话号码  ---  详细：13735321046,神州行本地,【手机号码：】13735321046@~【用户的诉求：】用户来电反映自己已经取消校讯通业务，为什么还会接收到相关的短信，而且不是自己小孩子的信息，请后台帮忙核实处理，谢谢！@~【有效的联系电话及联系人：】13735321046  钱小姐,2011-02-15 22:05:55,2011-02-16 20:00:00,紧急  
 
 
 2011-02-16 11:47:36,968 -- 没找到对应的电话号码  ---  详细：13566237222,神州行本地,【受理号码：】13566237222@~【业务名称：】校讯通@~【订购时间：】无@~【学校名称：】10657061006243048111@~【用户的诉求：】该用户来电反映本手机没有开通校讯通但是一直收到相关信息要求屏蔽。@~【有效的联系电话及联系：】13566237222、先生,2011-02-15 22:03:00,2011-02-16 20:00:00,紧急  
 
 
 2011-02-16 11:47:36,972 -- 没找到对应的电话号码  ---  详细：13958918708,神州行本地,【受理号码：】13958918708@~【业务名称：】校讯通@~【订购时间：】温州建设小学 温州金鹰智能工程有限公司 五(1)班 叶F洁 @~【学校名称：】@~【用户的诉求：】客户表示自己校讯通业务13958918708一直是作为接受校讯通号码但是目前此号码接收不到短信，我方也未查询到下发记录，另外13905776565这个号码作为计费号码的，但是现在收到短信，客户要求核实处理！@~【有效的联系电话及联系：】13958918708,2011-02-15 21:13:40,2011-02-16 20:00:00,紧急  
 
 
 2011-02-16 11:47:36,976 -- 没找到对应的电话号码  ---  详细：13968756795,全球通,【受理号码：】13968756795@~【业务名称：】校讯通@~【订购时间：】2011-01-18 16:03:58@~【学校名称：】乐清乐成二中  初三(6)班 吴晨峰 @~【用户的诉求：】用户投诉自己没有填写过受理单，而且之前也已经取消过了又被开通，要求核实开通原因，请协助处理 @~【有效的联系电话及联系：】13968756795  吴近军,2011-02-15 19:18:26,2011-02-16 15:18:26,紧急  
 
 
 2011-02-16 11:47:36,981 -- 没找到对应的电话号码  ---  详细：13566425996,动感地带,【受理号码：】13566425996@~【业务名称：】校讯通@~【订购时间：】@~【学校名称：】2199|路桥区蓬街小学 浙江三维网络技术有限公司 小一(1)班 罗伟嘉     @~117697892480 13566425996 13566425996  校讯通一类套餐B2[免费] 2011-02-14 15:05 否 是 未同步  @~ 【用户的诉求：】用户反映校讯通已经取消，现在还是收到信息，我方查询2月14号有重新开通的记录未同步，烦请屏蔽以后不要再开通，谢谢！@~【有效的联系电话及联系：】13566425996 黄超群,2011-02-15 16:58:26,2011-02-16 16:58:26,紧急  
 
 
 2011-02-16 11:47:36,985 -- 没找到对应的电话号码  ---  详细：13587114612,神州行本地,【受理号码：】13587114612@~【业务名称：】校讯通一类套餐B2@~【订购时间：】20101123@~【学校名称：】客户无法提供@~【用户的诉求：】客户来电反映自己家里并没有小孩在上学，在去年却开通了一个校讯通，且还扣取费用，客户对此不满，要求有关工作人员核实此情况，并尽快回复！@~【有效的联系电话及联系：】13587114612/女士,2011-02-15 16:14:22,2011-02-16 16:14:22,紧急  
 
 
 2011-02-16 11:47:36,989 -- 没找到对应的电话号码  ---  详细：13867656532,神州行本地,【受理号码：】13867656532@~【业务名称：】校讯通@~【订购时间：】\@~【学校名称：】临海市白水洋镇店前小学@~【用户的诉求：】用户已取消校讯通但还是收到10657061011889999短信，用户要求屏蔽，请协助处理 谢谢@~【有效的联系电话及联系：】13867656532  朱银辉,2011-02-15 15:40:45,2011-02-16 15:40:45,紧急  
 
 
 2011-02-16 11:47:36,994 -- 没找到对应的电话号码  ---  详细：13588025709,神州行本地,【手机号码：】13588025709@~【用户的诉求：】客户反映校讯通业务是和13588180192这个号码一起开的，但是学校说只收其中一个号码的费用，现在却两个号码都在收费，请尽快核实@~【有效的联系电话及联系人：】13588025709,2011-02-15 12:39:42,2011-02-16 12:00:00,紧急  
 
 
 2011-02-16 11:47:36,998 -- 没找到对应的电话号码  ---  详细：13586122607,神州行本地,【受理号码：】13586122607@~【业务名称：】校讯通@~【订购时间：】无法提供@~【学校名称：】芦浦小学@~【用户的诉求：】用户来电反映从去年12月开始经常收到该学校的校讯通短信，但自己没有孩子在该学校，要求我公司取消，请协助处理。@~【有效的联系电话及联系：】13586122607  小姐,2011-02-15 12:33:08,2011-02-16 12:00:00,紧急  
 
 
 2011-02-16 11:47:37,002 -- 没找到对应的电话号码  ---  详细：13456498838,VIP客户,【受理号码：】13456498838@~【业务名称：】校讯通@~【订购时间：】无@~【学校名称：】台州市椒江区永安小学 浙江三维网络技术有限公司 初三(1)班 王川 ，台州市椒江区永安小学 浙江三维网络技术有限公司 初三(1)班 王欢 @~【用户的诉求：】用户来电表示不需要开通校讯通业务，现查询是免费体验期，请为用户取消，谢谢@~【有效的联系电话及联系：】13456498838王先生,2011-02-14 17:39:52,2011-02-14 19:39:52,超时  
 
 
 2011-02-16 11:47:37,006 -- 没找到对应的电话号码  ---  详细：13957690971,神州行本地,【受理号码：】13957690971@~【问题描述：】我并没有申请加入什么校讯通，不知道怎么的收到讯息，后来打10086查询后取消。但却要支付18元话费的损失，觉得非常不合理，要求给个说法。。。@~【话单记录：】2010.12  校讯通费  9元@~2011.01  校讯通费  9元@~【有效的联系电话：】13957690971@~【有效的联系人：】谢华君,2011-02-14 14:29:58,2011-02-15 14:29:58,超时  
 
 
 2011-02-16 11:47:37,010 -- 没找到对应的电话号码  ---  详细：13706579990,全球通,【受理号码：】13706579990@~【业务名称：】校讯通@~【订购时间：】@~【学校名称：】1958|天台苍山中学 玉环育才网络有限公司 高一(9)班 葛法宝     @~107698444210 13706579990 13706579990  校讯通一类套餐B2[收费] 2011-01-07 10:15 否 否 已退订 @~【用户的诉求：】用户反映校讯通已经取消，但是信息还是收到，要求尽快屏蔽@~【有效的联系电话及联系：】13706579990 陈华,2011-02-14 13:53:15,2011-02-14 20:00:00,超时  
 
 
 2011-02-16 11:47:37,015 -- 没找到对应的电话号码  ---  详细：13616559866,神州行本地,【手机号码：】13616559866@~【用户的诉求：】用户来电要求取消校讯通同步学（小学10元地市版），用户不愿自己操作，请处理，谢谢！@~【有效的联系电话及联系人：】本机 本人,2011-02-11 17:02:52,2011-02-12 17:02:52,超时  
 
 
 2011-02-16 11:47:37,020 -- 没找到对应的电话号码  ---  详细：13738503045,神州行本地,【手机号码：】13738503045@~【用户的诉求：】用户来电表示，要求取消程控里的校讯通副号码套餐1，前台无法办理。请帮忙解决，然后通知用户。@~【有效的联系电话及联系人：】13666875160 先生,2011-02-08 12:26:36,2011-02-09 12:00:00,超时  
 
 
 2011-02-16 11:47:37,024 -- 没找到对应的电话号码  ---  详细：13777622177,神州行本地,【受理号码：】13777622177@~【业务名称：】校讯通@~【订购时间：】2010-12-22 10:54:42@~【学校名称：】无法提供@~【用户的诉求：】用户来电反映这个号码无故办理校讯通，请帮忙核实，谢谢@~【有效的联系电话及联系：】13757666636 先生,2011-02-07 12:51:33,2011-02-08 12:00:00,超时  
 
 
 2011-02-16 11:47:37,029 -- 没找到对应的电话号码  ---  详细：13586038520,神州行本地,【受理号码：】13586038520@~【业务名称：】校讯通@~【订购时间：】无@~【学校名称：】峰江小学一二班班主任@~【用户的诉求：】用户来电表示自己是峰江小学一二班班主任，要求查询自己校讯通卡的积分，请处理@~【有效的联系电话及联系：】13586038520应女士,2011-02-05 11:09:09,2011-02-06 11:09:09,超时  
 
 
 2011-02-16 11:47:37,033 -- 没找到对应的电话号码  ---  详细：15967060067,神州行本地,【受理号码：】15967060067@~【业务名称：】校讯通@~【订购时间：】/@~【学校名称：】6288|临海市白水洋中学 玉环育才网络有限公司 初一(6)班 朱益民 @~【用户的诉求：】用户的校讯通已经取消掉了，但是现在还是会收到短信，要求屏蔽，谢谢！@~【有效的联系电话及联系：】15967060067，先生,2011-02-04 17:39:42,2011-02-05 17:39:42,超时  
 
 
 2011-02-16 11:47:37,037 -- 没找到对应的电话号码  ---  详细：13857558039,神州行本地,【受理号码：】13857558039@~【业务名称：】校讯通@~【订购时间：】/@~【学校名称：】上虞市梁湖镇小@~【用户的诉求：】用户是学校的管理员，表示自己校讯通平台使用方面有问题，短信后面的签名要修改，请尽快处理回复，谢谢！@~【有效的联系电话及联系：】13857558039，先生,2011-02-02 22:16:17,2011-02-03 20:00:00,超时  
 
 
 2011-02-16 11:47:37,042 -- 没找到对应的电话号码  ---  详细：13511200295,动感地带,【手机号码：】13511200295@~【用户的诉求：】用户来电查询到2月份自己的校讯通还是扣费的，但是当初办理时说明寒暑假是免费，请核实处理，谢谢@~【有效的联系电话及联系人：】13511200295 先生,2011-02-02 14:09:28,2011-02-03 14:09:28,超时  
 
 
 2011-02-16 11:47:37,046 -- 没找到对应的电话号码  ---  详细：15968640116,动感地带,【受理号码：】15968640116@~【业务名称：】校讯通业务@~【订购时间：】无@~【学校名称：】天台平桥学校@~【用户的诉求：】用户来电没有订制校讯通但有收到校讯通的短信，要求屏蔽请处理@~【有效的联系电话及联系：】15968640116干小姐,2011-02-02 13:39:07,2011-02-03 12:00:00,超时  
 
 
 2011-02-16 11:47:37,050 -- 没找到对应的电话号码  ---  详细：13967636858,全球通,【受理号码：】13967636858@~【业务名称：校讯通@~【订购时间：】无@~【学校名称：】2226|芦蒲小学 玉环育才网络有限公司 小五(1)班 高慧敏    @~100799113434 13967636858 13967636858 @~【用户的诉求：】客户表示自己不认识此小孩经常收到10657061011889999短信下发请协助屏蔽@~【有效的联系电话及联系：】13967636858,2011-02-02 10:19:01,2011-02-02 18:19:01,超时  
 
 
 2011-02-16 11:47:37,054 -- 没找到对应的电话号码  ---  详细：15858642103,神州行本地,【受理号码：】15858642103@~【业务名称：】校讯通@~【订购时间：】用户无法提供@~【学校名称：】台州市平镇平桥中学@~【用户的诉求：】用户来电反映取消了校讯通还是有短信发给用户,连续很长时间了,用户要求屏蔽,请后台处理,谢谢@~【有效的联系电话及联系：】本机先生,2011-02-01 09:14:25,2011-02-02 09:14:25,超时  
 
 
 2011-02-16 11:47:37,058 -- 没找到对应的电话号码  ---  详细：15057024659,神州行本地,【受理号码：】15057024659@~【业务名称：校讯通@~【订购时间：】@~【学校名称：】卢浦小学@~【用户的诉求：】反映没有订制,但有收到校讯通短信,要求取消.@~【有效的联系电话及联系：】本机.小姐,2011-01-31 10:36:38,2011-02-01 10:36:38,超时  
 
 
 2011-02-16 11:47:37,062 -- 没找到对应的电话号码  ---  详细：15988914596,神州行本地,【受理号码：】15988914596@~【业务名称：】校讯通@~【订购时间：】@~【学校名称：】7622|教育-浙江省天台平桥中学 玉环育才网络有限公司 高三(1)班 张赞 @~【用户的诉求：】业务已取消，但是代码为：10657061011889999短信，仍然下发，请帮助屏蔽@~【有效的联系电话及联系：】15988914596,2011-01-29 17:16:50,2011-01-30 17:16:50,超时  
 
 
 2011-02-16 11:47:37,066 -- 没找到对应的电话号码  ---  详细：13566651923,神州行本地,【受理号码：】13566651923@~【业务名称：】校讯通@~【订购时间：】已取消@~【学校名称：】7622|教育-浙江省天台平桥中学 玉环育才网络有限公司 高二(13)班 庞佳妮     107698123774 13566651923 13566651923  校讯通一类套餐A[收费] 2011-01-02 12:32 否 否 已退订  @~【用户的诉求：】用户反映校讯通已取消仍收到信息，要求屏蔽，代码10657061011889999。@~【有效的联系电话及联系：】13566651923  庞邦瑞,2011-01-27 13:02:06,2011-01-28 12:00:00,超时  
 
 
 2011-02-16 11:47:37,071 -- 没找到对应的电话号码  ---  详细：13957067325,神州行本地,【受理号码：】13957067325@~【业务名称：】校讯通@~【订购时间：】/@~【学校名称：】遂昌县新世纪小学@~【用户的诉求：】用户表示自己是学校的老师，校讯通平台换过后登陆上去里面的班级信息不全，2年级到4年级都没有，要求核实处理，谢谢！@~【有效的联系电话及联系：】13957067325，小姐,2011-01-27 10:21:10,2011-01-28 10:21:10,超时  
 
 
 2011-02-16 11:47:37,075 -- 没找到对应的电话号码  ---  详细：13738367980,动感地带,【受理号码：】13738367980@~【业务名称：】校讯通@~【订购时间：】无@~【学校名称：】沙城镇中学@~【用户的诉求：】用户反映现在登陆校讯通平台，发现学校的名字错了，现在平台中显示的是：沙城镇高级中学，用户所在学校应该是：沙城镇中学，这样造成用户的使用权限不对，无法正常使用，要求更改，请处理，谢谢。账号：wzlinlihua21。@~【有效的联系电话及联系：】13738367980林小姐,2011-01-25 21:03:37,2011-01-26 20:00:00,超时  
 
 
 2011-02-16 11:47:37,080 -- 没找到对应的电话号码  ---  详细：15158993239,全球通,【受理号码：】15158993239@~【业务名称：】校讯通@~【订购时间：】2011-01-07 12:09@~【学校名称：】4928|东阳市南马镇中心小学 磐安县东成移动业务服务部 小二(3)班 葛佳瑛 @~【用户的诉求：】用户表示自己在12月份并没有要求开通校讯通，现发现自2010年12月起开始收费，且该业务于2011年1月取消，现仍然帮助开通了为免费试用户记录。用户首先表示自己并没有开过，另一直以来没有收到短信，请您处理查询原因，谢谢 @~【有效的联系电话及联系：】15158993239葛先生,2011-01-24 20:00:27,2011-01-25 16:00:00,超时  
 
 
 2011-02-16 11:47:37,084 -- 没找到对应的电话号码  ---  详细：13665729786,神州行本地,【受理号码：】13665729786@~【业务名称：】校讯通一类套餐B2@~【订购时间：】2010.11.30@~【学校名称：】第五实验中学@~【用户的诉求：】用户来电反映校讯通短信收到内容空白，其他短信接收正常，态度强烈要求我方进行处理，请核实处理，谢谢！@~【有效的联系电话及联系：】本人本机,2011-01-24 17:47:25,2011-01-25 17:47:25,超时  
 
 
 2011-02-16 11:47:37,089 -- 没找到对应的电话号码  ---  详细：13968023041,神州行本地,【受理号码：】13968023041@~【业务名称：】校讯通@~【订购时间：】\@~【学校名称：】江南学前教育集团 小A班  @~【用户的诉求：】用户是学校老师，名字是：骆晓清 现在校讯通用户名和密码忘记了，请协助处理 谢谢 @~【有效的联系电话及联系：】13968023041  骆晓清,2011-01-24 14:22:28,2011-01-25 14:22:28,超时  
 
 
 2011-02-16 11:47:37,094 -- 没找到对应的电话号码  ---  详细：15857625422,神州行本地,【受理号码：】15857625422@~【业务名称：】校讯通一类套餐B2@~【订购时间：】2010-10-29 09:15:49@~【学校名称：】无@~【用户的诉求：】用户来电反映自己没有开通过校讯通，但无故开通了校讯通，用户要求取消，并给以退费，前台解释无效，请核实处理。@~【有效的联系电话及联系：】15267239529小姐,2011-01-23 22:48:53,2011-01-24 20:00:00,超时  
 
 
 2011-02-16 11:47:37,099 -- 没找到对应的电话号码  ---  详细：13665729524,神州行本地,【受理号码：】13665729524@~【业务名称：】校讯通@~【订购时间：】2010-11-30 21:49:19@~【学校名称：】湖州市第五中学@~【用户的诉求：】用户表示最近几天的校讯通接收都是空白的，没有内容，其他短信正常，整合平台查询下发记录正常：下发成功 10657061722272022 8613665729524 2011-01-23 11:03:54.0，已经建议用户换机测试，请厂家协助核实下发记录是否正常，谢谢！@~@~【有效的联系电话及联系：】13665729524,小姐,2011-01-23 11:50:47,2011-01-24 11:50:47,超时  
 
 
 2011-02-16 11:47:37,103 -- 没找到对应的电话号码  ---  详细：13566863590,神州行本地,【受理号码：】13566863590@~【业务名称：】校讯通@~【订购时间：】2010-11-26@~【学校名称：】白水洋小学@~【用户的诉求：】用户称没经过他同意无故开通校讯通，要求退换话费，挽回他的损失，强烈要求投诉，请帮忙核实，谢谢@~【有效的联系电话及联系：】13566863590  先生,2011-01-22 20:50:31,2011-01-23 20:00:00,超时  
 
 
 2011-02-16 11:47:37,107 -- 没找到对应的电话号码  ---  详细：13566415801,神州行本地,【受理号码：】13566415801@~【业务名称：】校讯通二类套餐B2@~【订购时间：】2010-11-01@~【学校名称：】中山小学@~【用户的诉求：】用户来电反映无故多开通了一个校讯通业务，用户表示自己办理了一个，用户态度强烈要求核实，请帮忙处理，谢谢。@~【有效的联系电话及联系：】本机 小姐,2011-01-18 08:40:44,2011-01-19 08:40:44,超时  
 
 
 2011-02-16 11:47:37,111 -- 没找到对应的电话号码  ---  详细：13588619508,神州行本地,【受理号码：】13588619508@~【业务名称：】校讯通@~【订购时间：】2010年12月@~【学校名称：】7542|永康市龙川学校初中部 永康艳铭通讯器材有限公司 初二(5)班 黄宇翔 @~【用户的诉求：】用户反映从办理后校讯通短信接收不到，如今天早上到校信息，请核实处理。@~【有效的联系电话及联系：】13588619508黄加彪,2011-01-08 10:24:25,2011-01-09 10:24:25,超时  
 
 
 